Analysis & Elaboration report for IITB_CPU
Thu Nov 24 13:48:34 2022
Quartus Prime Version 20.1.1 Build 720 11/11/2020 SJ Lite Edition


---------------------
; Table of Contents ;
---------------------
  1. Legal Notice
  2. Analysis & Elaboration Summary
  3. Parallel Compilation
  4. Analysis & Elaboration Settings
  5. Port Connectivity Checks: "ALU:ALU2"
  6. Analysis & Elaboration Messages



----------------
; Legal Notice ;
----------------
Copyright (C) 2020  Intel Corporation. All rights reserved.
Your use of Intel Corporation's design tools, logic functions 
and other software and tools, and any partner logic 
functions, and any output files from any of the foregoing 
(including device programming or simulation files), and any 
associated documentation or information are expressly subject 
to the terms and conditions of the Intel Program License 
Subscription Agreement, the Intel Quartus Prime License Agreement,
the Intel FPGA IP License Agreement, or other applicable license
agreement, including, without limitation, that your use is for
the sole purpose of programming logic devices manufactured by
Intel and sold by Intel or its authorized distributors.  Please
refer to the applicable agreement for further details, at
https://fpgasoftware.intel.com/eula.



+----------------------------------------------------------------------------------+
; Analysis & Elaboration Summary                                                   ;
+------------------------------------+---------------------------------------------+
; Analysis & Elaboration Status      ; Successful - Thu Nov 24 13:48:34 2022       ;
; Quartus Prime Version              ; 20.1.1 Build 720 11/11/2020 SJ Lite Edition ;
; Revision Name                      ; IITB_CPU                                    ;
; Top-level Entity Name              ; IITB_CPU                                    ;
; Family                             ; MAX 10                                      ;
; Total logic elements               ; N/A until Partition Merge                   ;
;     Total combinational functions  ; N/A until Partition Merge                   ;
;     Dedicated logic registers      ; N/A until Partition Merge                   ;
; Total registers                    ; N/A until Partition Merge                   ;
; Total pins                         ; N/A until Partition Merge                   ;
; Total virtual pins                 ; N/A until Partition Merge                   ;
; Total memory bits                  ; N/A until Partition Merge                   ;
; Embedded Multiplier 9-bit elements ; N/A until Partition Merge                   ;
; Total PLLs                         ; N/A until Partition Merge                   ;
; UFM blocks                         ; N/A until Partition Merge                   ;
; ADC blocks                         ; N/A until Partition Merge                   ;
+------------------------------------+---------------------------------------------+


+------------------------------------------+
; Parallel Compilation                     ;
+----------------------------+-------------+
; Processors                 ; Number      ;
+----------------------------+-------------+
; Number detected on machine ; 8           ;
; Maximum allowed            ; 4           ;
;                            ;             ;
; Average used               ; 1.00        ;
; Maximum used               ; 1           ;
;                            ;             ;
; Usage by Processor         ; % Time Used ;
;     Processor 1            ; 100.0%      ;
+----------------------------+-------------+


+------------------------------------------------------------------------------------------------------------+
; Analysis & Elaboration Settings                                                                            ;
+------------------------------------------------------------------+--------------------+--------------------+
; Option                                                           ; Setting            ; Default Value      ;
+------------------------------------------------------------------+--------------------+--------------------+
; Device                                                           ; 10M25SAE144C8G     ;                    ;
; Top-level entity name                                            ; IITB_CPU           ; IITB_CPU           ;
; Family name                                                      ; MAX 10             ; Cyclone V          ;
; Use smart compilation                                            ; Off                ; Off                ;
; Enable parallel Assembler and Timing Analyzer during compilation ; On                 ; On                 ;
; Enable compact report table                                      ; Off                ; Off                ;
; Restructure Multiplexers                                         ; Auto               ; Auto               ;
; Create Debugging Nodes for IP Cores                              ; Off                ; Off                ;
; Preserve fewer node names                                        ; On                 ; On                 ;
; Intel FPGA IP Evaluation Mode                                    ; Enable             ; Enable             ;
; Verilog Version                                                  ; Verilog_2001       ; Verilog_2001       ;
; VHDL Version                                                     ; VHDL_1993          ; VHDL_1993          ;
; State Machine Processing                                         ; Auto               ; Auto               ;
; Safe State Machine                                               ; Off                ; Off                ;
; Extract Verilog State Machines                                   ; On                 ; On                 ;
; Extract VHDL State Machines                                      ; On                 ; On                 ;
; Ignore Verilog initial constructs                                ; Off                ; Off                ;
; Iteration limit for constant Verilog loops                       ; 5000               ; 5000               ;
; Iteration limit for non-constant Verilog loops                   ; 250                ; 250                ;
; Add Pass-Through Logic to Inferred RAMs                          ; On                 ; On                 ;
; Infer RAMs from Raw Logic                                        ; On                 ; On                 ;
; Parallel Synthesis                                               ; On                 ; On                 ;
; DSP Block Balancing                                              ; Auto               ; Auto               ;
; NOT Gate Push-Back                                               ; On                 ; On                 ;
; Power-Up Don't Care                                              ; On                 ; On                 ;
; Remove Redundant Logic Cells                                     ; Off                ; Off                ;
; Remove Duplicate Registers                                       ; On                 ; On                 ;
; Ignore CARRY Buffers                                             ; Off                ; Off                ;
; Ignore CASCADE Buffers                                           ; Off                ; Off                ;
; Ignore GLOBAL Buffers                                            ; Off                ; Off                ;
; Ignore ROW GLOBAL Buffers                                        ; Off                ; Off                ;
; Ignore LCELL Buffers                                             ; Off                ; Off                ;
; Ignore SOFT Buffers                                              ; On                 ; On                 ;
; Limit AHDL Integers to 32 Bits                                   ; Off                ; Off                ;
; Optimization Technique                                           ; Balanced           ; Balanced           ;
; Carry Chain Length                                               ; 70                 ; 70                 ;
; Auto Carry Chains                                                ; On                 ; On                 ;
; Auto Open-Drain Pins                                             ; On                 ; On                 ;
; Perform WYSIWYG Primitive Resynthesis                            ; Off                ; Off                ;
; Auto ROM Replacement                                             ; On                 ; On                 ;
; Auto RAM Replacement                                             ; On                 ; On                 ;
; Auto DSP Block Replacement                                       ; On                 ; On                 ;
; Auto Shift Register Replacement                                  ; Auto               ; Auto               ;
; Allow Shift Register Merging across Hierarchies                  ; Auto               ; Auto               ;
; Auto Clock Enable Replacement                                    ; On                 ; On                 ;
; Strict RAM Replacement                                           ; Off                ; Off                ;
; Allow Synchronous Control Signals                                ; On                 ; On                 ;
; Force Use of Synchronous Clear Signals                           ; Off                ; Off                ;
; Auto RAM Block Balancing                                         ; On                 ; On                 ;
; Auto RAM to Logic Cell Conversion                                ; Off                ; Off                ;
; Auto Resource Sharing                                            ; Off                ; Off                ;
; Allow Any RAM Size For Recognition                               ; Off                ; Off                ;
; Allow Any ROM Size For Recognition                               ; Off                ; Off                ;
; Allow Any Shift Register Size For Recognition                    ; Off                ; Off                ;
; Use LogicLock Constraints during Resource Balancing              ; On                 ; On                 ;
; Ignore translate_off and synthesis_off directives                ; Off                ; Off                ;
; Timing-Driven Synthesis                                          ; On                 ; On                 ;
; Report Parameter Settings                                        ; On                 ; On                 ;
; Report Source Assignments                                        ; On                 ; On                 ;
; Report Connectivity Checks                                       ; On                 ; On                 ;
; Ignore Maximum Fan-Out Assignments                               ; Off                ; Off                ;
; Synchronization Register Chain Length                            ; 2                  ; 2                  ;
; Power Optimization During Synthesis                              ; Normal compilation ; Normal compilation ;
; HDL message level                                                ; Level2             ; Level2             ;
; Suppress Register Optimization Related Messages                  ; Off                ; Off                ;
; Number of Removed Registers Reported in Synthesis Report         ; 5000               ; 5000               ;
; Number of Swept Nodes Reported in Synthesis Report               ; 5000               ; 5000               ;
; Number of Inverted Registers Reported in Synthesis Report        ; 100                ; 100                ;
; Clock MUX Protection                                             ; On                 ; On                 ;
; Auto Gated Clock Conversion                                      ; Off                ; Off                ;
; Block Design Naming                                              ; Auto               ; Auto               ;
; SDC constraint protection                                        ; Off                ; Off                ;
; Synthesis Effort                                                 ; Auto               ; Auto               ;
; Shift Register Replacement - Allow Asynchronous Clear Signal     ; On                 ; On                 ;
; Pre-Mapping Resynthesis Optimization                             ; Off                ; Off                ;
; Analysis & Synthesis Message Level                               ; Medium             ; Medium             ;
; Disable Register Merging Across Hierarchies                      ; Auto               ; Auto               ;
; Resource Aware Inference For Block RAM                           ; On                 ; On                 ;
+------------------------------------------------------------------+--------------------+--------------------+


+----------------------------------------------------------------------------------------------------------------+
; Port Connectivity Checks: "ALU:ALU2"                                                                           ;
+------+--------+----------+-------------------------------------------------------------------------------------+
; Port ; Type   ; Severity ; Details                                                                             ;
+------+--------+----------+-------------------------------------------------------------------------------------+
; op   ; Input  ; Info     ; Stuck at VCC                                                                        ;
; a    ; Input  ; Info     ; Stuck at GND                                                                        ;
; b    ; Input  ; Info     ; Stuck at GND                                                                        ;
; o    ; Output ; Info     ; Connected to dangling logic. Logic that only feeds a dangling port will be removed. ;
+------+--------+----------+-------------------------------------------------------------------------------------+


+---------------------------------+
; Analysis & Elaboration Messages ;
+---------------------------------+
Info: *******************************************************************
Info: Running Quartus Prime Analysis & Elaboration
    Info: Version 20.1.1 Build 720 11/11/2020 SJ Lite Edition
    Info: Processing started: Thu Nov 24 13:48:05 2022
Info: Command: quartus_map --read_settings_files=on --write_settings_files=off IITB_CPU -c IITB_CPU --analysis_and_elaboration
Warning (18236): Number of processors has not been specified which may cause overloading on shared machines.  Set the global assignment NUM_PARALLEL_PROCESSORS in your QSF to an appropriate value for best performance.
Info (20030): Parallel compilation is enabled and will use 4 of the 4 processors detected
Info (12021): Found 2 design units, including 1 entities, in source file rf.vhdl
    Info (12022): Found design unit 1: RF-Behave File: C:/Users/Satush/OneDrive - Indian Institute of Technology Bombay/3rd sem/EE 224/Project/MyProject/RF.vhdl Line: 18
    Info (12023): Found entity 1: RF File: C:/Users/Satush/OneDrive - Indian Institute of Technology Bombay/3rd sem/EE 224/Project/MyProject/RF.vhdl Line: 8
Info (12021): Found 2 design units, including 1 entities, in source file mem_shubham.vhdl
    Info (12022): Found design unit 1: Memory_Data-ARC File: C:/Users/Satush/OneDrive - Indian Institute of Technology Bombay/3rd sem/EE 224/Project/MyProject/Mem_Shubham.vhdl Line: 18
    Info (12023): Found entity 1: Memory_Data File: C:/Users/Satush/OneDrive - Indian Institute of Technology Bombay/3rd sem/EE 224/Project/MyProject/Mem_Shubham.vhdl Line: 13
Info (12021): Found 2 design units, including 1 entities, in source file iitb_cpu.vhdl
    Info (12022): Found design unit 1: IITB_CPU-Behave File: C:/Users/Satush/OneDrive - Indian Institute of Technology Bombay/3rd sem/EE 224/Project/MyProject/IITB_CPU.vhdl Line: 10
    Info (12023): Found entity 1: IITB_CPU File: C:/Users/Satush/OneDrive - Indian Institute of Technology Bombay/3rd sem/EE 224/Project/MyProject/IITB_CPU.vhdl Line: 6
Info (12021): Found 2 design units, including 1 entities, in source file alu.vhdl
    Info (12022): Found design unit 1: ALU-built File: C:/Users/Satush/OneDrive - Indian Institute of Technology Bombay/3rd sem/EE 224/Project/MyProject/ALU.vhdl Line: 12
    Info (12023): Found entity 1: ALU File: C:/Users/Satush/OneDrive - Indian Institute of Technology Bombay/3rd sem/EE 224/Project/MyProject/ALU.vhdl Line: 5
Info (12127): Elaborating entity "IITB_CPU" for the top level hierarchy
Warning (10541): VHDL Signal Declaration warning at IITB_CPU.vhdl(18): used implicit default value for signal "T1" because signal was never assigned a value or an explicit default value. Use of implicit default value may introduce unintended design optimizations. File: C:/Users/Satush/OneDrive - Indian Institute of Technology Bombay/3rd sem/EE 224/Project/MyProject/IITB_CPU.vhdl Line: 18
Warning (10036): Verilog HDL or VHDL warning at IITB_CPU.vhdl(29): object "Output2" assigned a value but never read File: C:/Users/Satush/OneDrive - Indian Institute of Technology Bombay/3rd sem/EE 224/Project/MyProject/IITB_CPU.vhdl Line: 29
Warning (10036): Verilog HDL or VHDL warning at IITB_CPU.vhdl(80): object "n_T1" assigned a value but never read File: C:/Users/Satush/OneDrive - Indian Institute of Technology Bombay/3rd sem/EE 224/Project/MyProject/IITB_CPU.vhdl Line: 80
Warning (10492): VHDL Process Statement warning at IITB_CPU.vhdl(94): signal "Mem_Dout" is read inside the Process Statement but isn't in the Process Statement's sensitivity list File: C:/Users/Satush/OneDrive - Indian Institute of Technology Bombay/3rd sem/EE 224/Project/MyProject/IITB_CPU.vhdl Line: 94
Warning (10492): VHDL Process Statement warning at IITB_CPU.vhdl(98): signal "Output1" is read inside the Process Statement but isn't in the Process Statement's sensitivity list File: C:/Users/Satush/OneDrive - Indian Institute of Technology Bombay/3rd sem/EE 224/Project/MyProject/IITB_CPU.vhdl Line: 98
Warning (10492): VHDL Process Statement warning at IITB_CPU.vhdl(114): signal "Read_D_1" is read inside the Process Statement but isn't in the Process Statement's sensitivity list File: C:/Users/Satush/OneDrive - Indian Institute of Technology Bombay/3rd sem/EE 224/Project/MyProject/IITB_CPU.vhdl Line: 114
Warning (10492): VHDL Process Statement warning at IITB_CPU.vhdl(115): signal "Read_D_2" is read inside the Process Statement but isn't in the Process Statement's sensitivity list File: C:/Users/Satush/OneDrive - Indian Institute of Technology Bombay/3rd sem/EE 224/Project/MyProject/IITB_CPU.vhdl Line: 115
Warning (10492): VHDL Process Statement warning at IITB_CPU.vhdl(182): signal "Output1" is read inside the Process Statement but isn't in the Process Statement's sensitivity list File: C:/Users/Satush/OneDrive - Indian Institute of Technology Bombay/3rd sem/EE 224/Project/MyProject/IITB_CPU.vhdl Line: 182
Warning (10492): VHDL Process Statement warning at IITB_CPU.vhdl(183): signal "Out1Bit_1" is read inside the Process Statement but isn't in the Process Statement's sensitivity list File: C:/Users/Satush/OneDrive - Indian Institute of Technology Bombay/3rd sem/EE 224/Project/MyProject/IITB_CPU.vhdl Line: 183
Warning (10492): VHDL Process Statement warning at IITB_CPU.vhdl(196): signal "Out1Bit_2" is read inside the Process Statement but isn't in the Process Statement's sensitivity list File: C:/Users/Satush/OneDrive - Indian Institute of Technology Bombay/3rd sem/EE 224/Project/MyProject/IITB_CPU.vhdl Line: 196
Warning (10492): VHDL Process Statement warning at IITB_CPU.vhdl(233): signal "Output1" is read inside the Process Statement but isn't in the Process Statement's sensitivity list File: C:/Users/Satush/OneDrive - Indian Institute of Technology Bombay/3rd sem/EE 224/Project/MyProject/IITB_CPU.vhdl Line: 233
Warning (10492): VHDL Process Statement warning at IITB_CPU.vhdl(246): signal "Output1" is read inside the Process Statement but isn't in the Process Statement's sensitivity list File: C:/Users/Satush/OneDrive - Indian Institute of Technology Bombay/3rd sem/EE 224/Project/MyProject/IITB_CPU.vhdl Line: 246
Warning (10492): VHDL Process Statement warning at IITB_CPU.vhdl(247): signal "Out1Bit_1" is read inside the Process Statement but isn't in the Process Statement's sensitivity list File: C:/Users/Satush/OneDrive - Indian Institute of Technology Bombay/3rd sem/EE 224/Project/MyProject/IITB_CPU.vhdl Line: 247
Warning (10492): VHDL Process Statement warning at IITB_CPU.vhdl(275): signal "Out1Bit_1" is read inside the Process Statement but isn't in the Process Statement's sensitivity list File: C:/Users/Satush/OneDrive - Indian Institute of Technology Bombay/3rd sem/EE 224/Project/MyProject/IITB_CPU.vhdl Line: 275
Warning (10492): VHDL Process Statement warning at IITB_CPU.vhdl(287): signal "Output1" is read inside the Process Statement but isn't in the Process Statement's sensitivity list File: C:/Users/Satush/OneDrive - Indian Institute of Technology Bombay/3rd sem/EE 224/Project/MyProject/IITB_CPU.vhdl Line: 287
Warning (10492): VHDL Process Statement warning at IITB_CPU.vhdl(306): signal "Output1" is read inside the Process Statement but isn't in the Process Statement's sensitivity list File: C:/Users/Satush/OneDrive - Indian Institute of Technology Bombay/3rd sem/EE 224/Project/MyProject/IITB_CPU.vhdl Line: 306
Warning (10492): VHDL Process Statement warning at IITB_CPU.vhdl(341): signal "Output1" is read inside the Process Statement but isn't in the Process Statement's sensitivity list File: C:/Users/Satush/OneDrive - Indian Institute of Technology Bombay/3rd sem/EE 224/Project/MyProject/IITB_CPU.vhdl Line: 341
Warning (10492): VHDL Process Statement warning at IITB_CPU.vhdl(367): signal "Output1" is read inside the Process Statement but isn't in the Process Statement's sensitivity list File: C:/Users/Satush/OneDrive - Indian Institute of Technology Bombay/3rd sem/EE 224/Project/MyProject/IITB_CPU.vhdl Line: 367
Warning (10492): VHDL Process Statement warning at IITB_CPU.vhdl(383): signal "Mem_Dout" is read inside the Process Statement but isn't in the Process Statement's sensitivity list File: C:/Users/Satush/OneDrive - Indian Institute of Technology Bombay/3rd sem/EE 224/Project/MyProject/IITB_CPU.vhdl Line: 383
Warning (10492): VHDL Process Statement warning at IITB_CPU.vhdl(410): signal "Mem_Dout" is read inside the Process Statement but isn't in the Process Statement's sensitivity list File: C:/Users/Satush/OneDrive - Indian Institute of Technology Bombay/3rd sem/EE 224/Project/MyProject/IITB_CPU.vhdl Line: 410
Warning (10492): VHDL Process Statement warning at IITB_CPU.vhdl(415): signal "Output1" is read inside the Process Statement but isn't in the Process Statement's sensitivity list File: C:/Users/Satush/OneDrive - Indian Institute of Technology Bombay/3rd sem/EE 224/Project/MyProject/IITB_CPU.vhdl Line: 415
Warning (10492): VHDL Process Statement warning at IITB_CPU.vhdl(425): signal "Read_D_1" is read inside the Process Statement but isn't in the Process Statement's sensitivity list File: C:/Users/Satush/OneDrive - Indian Institute of Technology Bombay/3rd sem/EE 224/Project/MyProject/IITB_CPU.vhdl Line: 425
Warning (10492): VHDL Process Statement warning at IITB_CPU.vhdl(443): signal "Read_D_1" is read inside the Process Statement but isn't in the Process Statement's sensitivity list File: C:/Users/Satush/OneDrive - Indian Institute of Technology Bombay/3rd sem/EE 224/Project/MyProject/IITB_CPU.vhdl Line: 443
Warning (10492): VHDL Process Statement warning at IITB_CPU.vhdl(449): signal "Output1" is read inside the Process Statement but isn't in the Process Statement's sensitivity list File: C:/Users/Satush/OneDrive - Indian Institute of Technology Bombay/3rd sem/EE 224/Project/MyProject/IITB_CPU.vhdl Line: 449
Warning (10631): VHDL Process Statement warning at IITB_CPU.vhdl(78): inferring latch(es) for signal or variable "Mem_W", which holds its previous value in one or more paths through the process File: C:/Users/Satush/OneDrive - Indian Institute of Technology Bombay/3rd sem/EE 224/Project/MyProject/IITB_CPU.vhdl Line: 78
Warning (10631): VHDL Process Statement warning at IITB_CPU.vhdl(78): inferring latch(es) for signal or variable "Address", which holds its previous value in one or more paths through the process File: C:/Users/Satush/OneDrive - Indian Institute of Technology Bombay/3rd sem/EE 224/Project/MyProject/IITB_CPU.vhdl Line: 78
Warning (10631): VHDL Process Statement warning at IITB_CPU.vhdl(78): inferring latch(es) for signal or variable "Mem_Din", which holds its previous value in one or more paths through the process File: C:/Users/Satush/OneDrive - Indian Institute of Technology Bombay/3rd sem/EE 224/Project/MyProject/IITB_CPU.vhdl Line: 78
Warning (10631): VHDL Process Statement warning at IITB_CPU.vhdl(78): inferring latch(es) for signal or variable "IR", which holds its previous value in one or more paths through the process File: C:/Users/Satush/OneDrive - Indian Institute of Technology Bombay/3rd sem/EE 224/Project/MyProject/IITB_CPU.vhdl Line: 78
Warning (10631): VHDL Process Statement warning at IITB_CPU.vhdl(78): inferring latch(es) for signal or variable "Opr1", which holds its previous value in one or more paths through the process File: C:/Users/Satush/OneDrive - Indian Institute of Technology Bombay/3rd sem/EE 224/Project/MyProject/IITB_CPU.vhdl Line: 78
Warning (10631): VHDL Process Statement warning at IITB_CPU.vhdl(78): inferring latch(es) for signal or variable "A1", which holds its previous value in one or more paths through the process File: C:/Users/Satush/OneDrive - Indian Institute of Technology Bombay/3rd sem/EE 224/Project/MyProject/IITB_CPU.vhdl Line: 78
Warning (10631): VHDL Process Statement warning at IITB_CPU.vhdl(78): inferring latch(es) for signal or variable "B1", which holds its previous value in one or more paths through the process File: C:/Users/Satush/OneDrive - Indian Institute of Technology Bombay/3rd sem/EE 224/Project/MyProject/IITB_CPU.vhdl Line: 78
Warning (10631): VHDL Process Statement warning at IITB_CPU.vhdl(78): inferring latch(es) for signal or variable "n_PC", which holds its previous value in one or more paths through the process File: C:/Users/Satush/OneDrive - Indian Institute of Technology Bombay/3rd sem/EE 224/Project/MyProject/IITB_CPU.vhdl Line: 78
Warning (10631): VHDL Process Statement warning at IITB_CPU.vhdl(78): inferring latch(es) for signal or variable "n_state", which holds its previous value in one or more paths through the process File: C:/Users/Satush/OneDrive - Indian Institute of Technology Bombay/3rd sem/EE 224/Project/MyProject/IITB_CPU.vhdl Line: 78
Warning (10631): VHDL Process Statement warning at IITB_CPU.vhdl(78): inferring latch(es) for signal or variable "RF_W", which holds its previous value in one or more paths through the process File: C:/Users/Satush/OneDrive - Indian Institute of Technology Bombay/3rd sem/EE 224/Project/MyProject/IITB_CPU.vhdl Line: 78
Warning (10631): VHDL Process Statement warning at IITB_CPU.vhdl(78): inferring latch(es) for signal or variable "Read_S_1", which holds its previous value in one or more paths through the process File: C:/Users/Satush/OneDrive - Indian Institute of Technology Bombay/3rd sem/EE 224/Project/MyProject/IITB_CPU.vhdl Line: 78
Warning (10631): VHDL Process Statement warning at IITB_CPU.vhdl(78): inferring latch(es) for signal or variable "Read_S_2", which holds its previous value in one or more paths through the process File: C:/Users/Satush/OneDrive - Indian Institute of Technology Bombay/3rd sem/EE 224/Project/MyProject/IITB_CPU.vhdl Line: 78
Warning (10631): VHDL Process Statement warning at IITB_CPU.vhdl(78): inferring latch(es) for signal or variable "Write_S", which holds its previous value in one or more paths through the process File: C:/Users/Satush/OneDrive - Indian Institute of Technology Bombay/3rd sem/EE 224/Project/MyProject/IITB_CPU.vhdl Line: 78
Warning (10631): VHDL Process Statement warning at IITB_CPU.vhdl(78): inferring latch(es) for signal or variable "Write_D", which holds its previous value in one or more paths through the process File: C:/Users/Satush/OneDrive - Indian Institute of Technology Bombay/3rd sem/EE 224/Project/MyProject/IITB_CPU.vhdl Line: 78
Warning (10631): VHDL Process Statement warning at IITB_CPU.vhdl(78): inferring latch(es) for signal or variable "C", which holds its previous value in one or more paths through the process File: C:/Users/Satush/OneDrive - Indian Institute of Technology Bombay/3rd sem/EE 224/Project/MyProject/IITB_CPU.vhdl Line: 78
Warning (10631): VHDL Process Statement warning at IITB_CPU.vhdl(78): inferring latch(es) for signal or variable "Opr2", which holds its previous value in one or more paths through the process File: C:/Users/Satush/OneDrive - Indian Institute of Technology Bombay/3rd sem/EE 224/Project/MyProject/IITB_CPU.vhdl Line: 78
Warning (10631): VHDL Process Statement warning at IITB_CPU.vhdl(78): inferring latch(es) for signal or variable "B2", which holds its previous value in one or more paths through the process File: C:/Users/Satush/OneDrive - Indian Institute of Technology Bombay/3rd sem/EE 224/Project/MyProject/IITB_CPU.vhdl Line: 78
Warning (10631): VHDL Process Statement warning at IITB_CPU.vhdl(78): inferring latch(es) for signal or variable "Z", which holds its previous value in one or more paths through the process File: C:/Users/Satush/OneDrive - Indian Institute of Technology Bombay/3rd sem/EE 224/Project/MyProject/IITB_CPU.vhdl Line: 78
Warning (10873): Using initial value X (don't care) for net "A2" at IITB_CPU.vhdl(29) File: C:/Users/Satush/OneDrive - Indian Institute of Technology Bombay/3rd sem/EE 224/Project/MyProject/IITB_CPU.vhdl Line: 29
Info (10041): Inferred latch for "Z" at IITB_CPU.vhdl(78) File: C:/Users/Satush/OneDrive - Indian Institute of Technology Bombay/3rd sem/EE 224/Project/MyProject/IITB_CPU.vhdl Line: 78
Info (10041): Inferred latch for "B2[0]" at IITB_CPU.vhdl(78) File: C:/Users/Satush/OneDrive - Indian Institute of Technology Bombay/3rd sem/EE 224/Project/MyProject/IITB_CPU.vhdl Line: 78
Info (10041): Inferred latch for "B2[1]" at IITB_CPU.vhdl(78) File: C:/Users/Satush/OneDrive - Indian Institute of Technology Bombay/3rd sem/EE 224/Project/MyProject/IITB_CPU.vhdl Line: 78
Info (10041): Inferred latch for "B2[2]" at IITB_CPU.vhdl(78) File: C:/Users/Satush/OneDrive - Indian Institute of Technology Bombay/3rd sem/EE 224/Project/MyProject/IITB_CPU.vhdl Line: 78
Info (10041): Inferred latch for "B2[3]" at IITB_CPU.vhdl(78) File: C:/Users/Satush/OneDrive - Indian Institute of Technology Bombay/3rd sem/EE 224/Project/MyProject/IITB_CPU.vhdl Line: 78
Info (10041): Inferred latch for "B2[4]" at IITB_CPU.vhdl(78) File: C:/Users/Satush/OneDrive - Indian Institute of Technology Bombay/3rd sem/EE 224/Project/MyProject/IITB_CPU.vhdl Line: 78
Info (10041): Inferred latch for "B2[5]" at IITB_CPU.vhdl(78) File: C:/Users/Satush/OneDrive - Indian Institute of Technology Bombay/3rd sem/EE 224/Project/MyProject/IITB_CPU.vhdl Line: 78
Info (10041): Inferred latch for "B2[6]" at IITB_CPU.vhdl(78) File: C:/Users/Satush/OneDrive - Indian Institute of Technology Bombay/3rd sem/EE 224/Project/MyProject/IITB_CPU.vhdl Line: 78
Info (10041): Inferred latch for "B2[7]" at IITB_CPU.vhdl(78) File: C:/Users/Satush/OneDrive - Indian Institute of Technology Bombay/3rd sem/EE 224/Project/MyProject/IITB_CPU.vhdl Line: 78
Info (10041): Inferred latch for "B2[8]" at IITB_CPU.vhdl(78) File: C:/Users/Satush/OneDrive - Indian Institute of Technology Bombay/3rd sem/EE 224/Project/MyProject/IITB_CPU.vhdl Line: 78
Info (10041): Inferred latch for "B2[9]" at IITB_CPU.vhdl(78) File: C:/Users/Satush/OneDrive - Indian Institute of Technology Bombay/3rd sem/EE 224/Project/MyProject/IITB_CPU.vhdl Line: 78
Info (10041): Inferred latch for "B2[10]" at IITB_CPU.vhdl(78) File: C:/Users/Satush/OneDrive - Indian Institute of Technology Bombay/3rd sem/EE 224/Project/MyProject/IITB_CPU.vhdl Line: 78
Info (10041): Inferred latch for "B2[11]" at IITB_CPU.vhdl(78) File: C:/Users/Satush/OneDrive - Indian Institute of Technology Bombay/3rd sem/EE 224/Project/MyProject/IITB_CPU.vhdl Line: 78
Info (10041): Inferred latch for "B2[12]" at IITB_CPU.vhdl(78) File: C:/Users/Satush/OneDrive - Indian Institute of Technology Bombay/3rd sem/EE 224/Project/MyProject/IITB_CPU.vhdl Line: 78
Info (10041): Inferred latch for "B2[13]" at IITB_CPU.vhdl(78) File: C:/Users/Satush/OneDrive - Indian Institute of Technology Bombay/3rd sem/EE 224/Project/MyProject/IITB_CPU.vhdl Line: 78
Info (10041): Inferred latch for "B2[14]" at IITB_CPU.vhdl(78) File: C:/Users/Satush/OneDrive - Indian Institute of Technology Bombay/3rd sem/EE 224/Project/MyProject/IITB_CPU.vhdl Line: 78
Info (10041): Inferred latch for "B2[15]" at IITB_CPU.vhdl(78) File: C:/Users/Satush/OneDrive - Indian Institute of Technology Bombay/3rd sem/EE 224/Project/MyProject/IITB_CPU.vhdl Line: 78
Info (10041): Inferred latch for "Opr2[0]" at IITB_CPU.vhdl(78) File: C:/Users/Satush/OneDrive - Indian Institute of Technology Bombay/3rd sem/EE 224/Project/MyProject/IITB_CPU.vhdl Line: 78
Info (10041): Inferred latch for "Opr2[1]" at IITB_CPU.vhdl(78) File: C:/Users/Satush/OneDrive - Indian Institute of Technology Bombay/3rd sem/EE 224/Project/MyProject/IITB_CPU.vhdl Line: 78
Info (10041): Inferred latch for "C" at IITB_CPU.vhdl(78) File: C:/Users/Satush/OneDrive - Indian Institute of Technology Bombay/3rd sem/EE 224/Project/MyProject/IITB_CPU.vhdl Line: 78
Info (10041): Inferred latch for "Write_D[0]" at IITB_CPU.vhdl(78) File: C:/Users/Satush/OneDrive - Indian Institute of Technology Bombay/3rd sem/EE 224/Project/MyProject/IITB_CPU.vhdl Line: 78
Info (10041): Inferred latch for "Write_D[1]" at IITB_CPU.vhdl(78) File: C:/Users/Satush/OneDrive - Indian Institute of Technology Bombay/3rd sem/EE 224/Project/MyProject/IITB_CPU.vhdl Line: 78
Info (10041): Inferred latch for "Write_D[2]" at IITB_CPU.vhdl(78) File: C:/Users/Satush/OneDrive - Indian Institute of Technology Bombay/3rd sem/EE 224/Project/MyProject/IITB_CPU.vhdl Line: 78
Info (10041): Inferred latch for "Write_D[3]" at IITB_CPU.vhdl(78) File: C:/Users/Satush/OneDrive - Indian Institute of Technology Bombay/3rd sem/EE 224/Project/MyProject/IITB_CPU.vhdl Line: 78
Info (10041): Inferred latch for "Write_D[4]" at IITB_CPU.vhdl(78) File: C:/Users/Satush/OneDrive - Indian Institute of Technology Bombay/3rd sem/EE 224/Project/MyProject/IITB_CPU.vhdl Line: 78
Info (10041): Inferred latch for "Write_D[5]" at IITB_CPU.vhdl(78) File: C:/Users/Satush/OneDrive - Indian Institute of Technology Bombay/3rd sem/EE 224/Project/MyProject/IITB_CPU.vhdl Line: 78
Info (10041): Inferred latch for "Write_D[6]" at IITB_CPU.vhdl(78) File: C:/Users/Satush/OneDrive - Indian Institute of Technology Bombay/3rd sem/EE 224/Project/MyProject/IITB_CPU.vhdl Line: 78
Info (10041): Inferred latch for "Write_D[7]" at IITB_CPU.vhdl(78) File: C:/Users/Satush/OneDrive - Indian Institute of Technology Bombay/3rd sem/EE 224/Project/MyProject/IITB_CPU.vhdl Line: 78
Info (10041): Inferred latch for "Write_D[8]" at IITB_CPU.vhdl(78) File: C:/Users/Satush/OneDrive - Indian Institute of Technology Bombay/3rd sem/EE 224/Project/MyProject/IITB_CPU.vhdl Line: 78
Info (10041): Inferred latch for "Write_D[9]" at IITB_CPU.vhdl(78) File: C:/Users/Satush/OneDrive - Indian Institute of Technology Bombay/3rd sem/EE 224/Project/MyProject/IITB_CPU.vhdl Line: 78
Info (10041): Inferred latch for "Write_D[10]" at IITB_CPU.vhdl(78) File: C:/Users/Satush/OneDrive - Indian Institute of Technology Bombay/3rd sem/EE 224/Project/MyProject/IITB_CPU.vhdl Line: 78
Info (10041): Inferred latch for "Write_D[11]" at IITB_CPU.vhdl(78) File: C:/Users/Satush/OneDrive - Indian Institute of Technology Bombay/3rd sem/EE 224/Project/MyProject/IITB_CPU.vhdl Line: 78
Info (10041): Inferred latch for "Write_D[12]" at IITB_CPU.vhdl(78) File: C:/Users/Satush/OneDrive - Indian Institute of Technology Bombay/3rd sem/EE 224/Project/MyProject/IITB_CPU.vhdl Line: 78
Info (10041): Inferred latch for "Write_D[13]" at IITB_CPU.vhdl(78) File: C:/Users/Satush/OneDrive - Indian Institute of Technology Bombay/3rd sem/EE 224/Project/MyProject/IITB_CPU.vhdl Line: 78
Info (10041): Inferred latch for "Write_D[14]" at IITB_CPU.vhdl(78) File: C:/Users/Satush/OneDrive - Indian Institute of Technology Bombay/3rd sem/EE 224/Project/MyProject/IITB_CPU.vhdl Line: 78
Info (10041): Inferred latch for "Write_D[15]" at IITB_CPU.vhdl(78) File: C:/Users/Satush/OneDrive - Indian Institute of Technology Bombay/3rd sem/EE 224/Project/MyProject/IITB_CPU.vhdl Line: 78
Info (10041): Inferred latch for "Write_S[0]" at IITB_CPU.vhdl(78) File: C:/Users/Satush/OneDrive - Indian Institute of Technology Bombay/3rd sem/EE 224/Project/MyProject/IITB_CPU.vhdl Line: 78
Info (10041): Inferred latch for "Write_S[1]" at IITB_CPU.vhdl(78) File: C:/Users/Satush/OneDrive - Indian Institute of Technology Bombay/3rd sem/EE 224/Project/MyProject/IITB_CPU.vhdl Line: 78
Info (10041): Inferred latch for "Write_S[2]" at IITB_CPU.vhdl(78) File: C:/Users/Satush/OneDrive - Indian Institute of Technology Bombay/3rd sem/EE 224/Project/MyProject/IITB_CPU.vhdl Line: 78
Info (10041): Inferred latch for "Read_S_2[0]" at IITB_CPU.vhdl(78) File: C:/Users/Satush/OneDrive - Indian Institute of Technology Bombay/3rd sem/EE 224/Project/MyProject/IITB_CPU.vhdl Line: 78
Info (10041): Inferred latch for "Read_S_2[1]" at IITB_CPU.vhdl(78) File: C:/Users/Satush/OneDrive - Indian Institute of Technology Bombay/3rd sem/EE 224/Project/MyProject/IITB_CPU.vhdl Line: 78
Info (10041): Inferred latch for "Read_S_2[2]" at IITB_CPU.vhdl(78) File: C:/Users/Satush/OneDrive - Indian Institute of Technology Bombay/3rd sem/EE 224/Project/MyProject/IITB_CPU.vhdl Line: 78
Info (10041): Inferred latch for "Read_S_1[0]" at IITB_CPU.vhdl(78) File: C:/Users/Satush/OneDrive - Indian Institute of Technology Bombay/3rd sem/EE 224/Project/MyProject/IITB_CPU.vhdl Line: 78
Info (10041): Inferred latch for "Read_S_1[1]" at IITB_CPU.vhdl(78) File: C:/Users/Satush/OneDrive - Indian Institute of Technology Bombay/3rd sem/EE 224/Project/MyProject/IITB_CPU.vhdl Line: 78
Info (10041): Inferred latch for "Read_S_1[2]" at IITB_CPU.vhdl(78) File: C:/Users/Satush/OneDrive - Indian Institute of Technology Bombay/3rd sem/EE 224/Project/MyProject/IITB_CPU.vhdl Line: 78
Info (10041): Inferred latch for "RF_W" at IITB_CPU.vhdl(78) File: C:/Users/Satush/OneDrive - Indian Institute of Technology Bombay/3rd sem/EE 224/Project/MyProject/IITB_CPU.vhdl Line: 78
Info (10041): Inferred latch for "n_state.S25" at IITB_CPU.vhdl(78) File: C:/Users/Satush/OneDrive - Indian Institute of Technology Bombay/3rd sem/EE 224/Project/MyProject/IITB_CPU.vhdl Line: 78
Info (10041): Inferred latch for "n_state.S24" at IITB_CPU.vhdl(78) File: C:/Users/Satush/OneDrive - Indian Institute of Technology Bombay/3rd sem/EE 224/Project/MyProject/IITB_CPU.vhdl Line: 78
Info (10041): Inferred latch for "n_state.S23" at IITB_CPU.vhdl(78) File: C:/Users/Satush/OneDrive - Indian Institute of Technology Bombay/3rd sem/EE 224/Project/MyProject/IITB_CPU.vhdl Line: 78
Info (10041): Inferred latch for "n_state.S22" at IITB_CPU.vhdl(78) File: C:/Users/Satush/OneDrive - Indian Institute of Technology Bombay/3rd sem/EE 224/Project/MyProject/IITB_CPU.vhdl Line: 78
Info (10041): Inferred latch for "n_state.S21" at IITB_CPU.vhdl(78) File: C:/Users/Satush/OneDrive - Indian Institute of Technology Bombay/3rd sem/EE 224/Project/MyProject/IITB_CPU.vhdl Line: 78
Info (10041): Inferred latch for "n_state.S20" at IITB_CPU.vhdl(78) File: C:/Users/Satush/OneDrive - Indian Institute of Technology Bombay/3rd sem/EE 224/Project/MyProject/IITB_CPU.vhdl Line: 78
Info (10041): Inferred latch for "n_state.S19" at IITB_CPU.vhdl(78) File: C:/Users/Satush/OneDrive - Indian Institute of Technology Bombay/3rd sem/EE 224/Project/MyProject/IITB_CPU.vhdl Line: 78
Info (10041): Inferred latch for "n_state.S18" at IITB_CPU.vhdl(78) File: C:/Users/Satush/OneDrive - Indian Institute of Technology Bombay/3rd sem/EE 224/Project/MyProject/IITB_CPU.vhdl Line: 78
Info (10041): Inferred latch for "n_state.S17" at IITB_CPU.vhdl(78) File: C:/Users/Satush/OneDrive - Indian Institute of Technology Bombay/3rd sem/EE 224/Project/MyProject/IITB_CPU.vhdl Line: 78
Info (10041): Inferred latch for "n_state.S16" at IITB_CPU.vhdl(78) File: C:/Users/Satush/OneDrive - Indian Institute of Technology Bombay/3rd sem/EE 224/Project/MyProject/IITB_CPU.vhdl Line: 78
Info (10041): Inferred latch for "n_state.S15" at IITB_CPU.vhdl(78) File: C:/Users/Satush/OneDrive - Indian Institute of Technology Bombay/3rd sem/EE 224/Project/MyProject/IITB_CPU.vhdl Line: 78
Info (10041): Inferred latch for "n_state.S14" at IITB_CPU.vhdl(78) File: C:/Users/Satush/OneDrive - Indian Institute of Technology Bombay/3rd sem/EE 224/Project/MyProject/IITB_CPU.vhdl Line: 78
Info (10041): Inferred latch for "n_state.S13" at IITB_CPU.vhdl(78) File: C:/Users/Satush/OneDrive - Indian Institute of Technology Bombay/3rd sem/EE 224/Project/MyProject/IITB_CPU.vhdl Line: 78
Info (10041): Inferred latch for "n_state.S12" at IITB_CPU.vhdl(78) File: C:/Users/Satush/OneDrive - Indian Institute of Technology Bombay/3rd sem/EE 224/Project/MyProject/IITB_CPU.vhdl Line: 78
Info (10041): Inferred latch for "n_state.S11" at IITB_CPU.vhdl(78) File: C:/Users/Satush/OneDrive - Indian Institute of Technology Bombay/3rd sem/EE 224/Project/MyProject/IITB_CPU.vhdl Line: 78
Info (10041): Inferred latch for "n_state.S10" at IITB_CPU.vhdl(78) File: C:/Users/Satush/OneDrive - Indian Institute of Technology Bombay/3rd sem/EE 224/Project/MyProject/IITB_CPU.vhdl Line: 78
Info (10041): Inferred latch for "n_state.S9" at IITB_CPU.vhdl(78) File: C:/Users/Satush/OneDrive - Indian Institute of Technology Bombay/3rd sem/EE 224/Project/MyProject/IITB_CPU.vhdl Line: 78
Info (10041): Inferred latch for "n_state.S8" at IITB_CPU.vhdl(78) File: C:/Users/Satush/OneDrive - Indian Institute of Technology Bombay/3rd sem/EE 224/Project/MyProject/IITB_CPU.vhdl Line: 78
Info (10041): Inferred latch for "n_state.S7" at IITB_CPU.vhdl(78) File: C:/Users/Satush/OneDrive - Indian Institute of Technology Bombay/3rd sem/EE 224/Project/MyProject/IITB_CPU.vhdl Line: 78
Info (10041): Inferred latch for "n_state.S6" at IITB_CPU.vhdl(78) File: C:/Users/Satush/OneDrive - Indian Institute of Technology Bombay/3rd sem/EE 224/Project/MyProject/IITB_CPU.vhdl Line: 78
Info (10041): Inferred latch for "n_state.S5" at IITB_CPU.vhdl(78) File: C:/Users/Satush/OneDrive - Indian Institute of Technology Bombay/3rd sem/EE 224/Project/MyProject/IITB_CPU.vhdl Line: 78
Info (10041): Inferred latch for "n_state.S4" at IITB_CPU.vhdl(78) File: C:/Users/Satush/OneDrive - Indian Institute of Technology Bombay/3rd sem/EE 224/Project/MyProject/IITB_CPU.vhdl Line: 78
Info (10041): Inferred latch for "n_state.S3" at IITB_CPU.vhdl(78) File: C:/Users/Satush/OneDrive - Indian Institute of Technology Bombay/3rd sem/EE 224/Project/MyProject/IITB_CPU.vhdl Line: 78
Info (10041): Inferred latch for "n_state.S2" at IITB_CPU.vhdl(78) File: C:/Users/Satush/OneDrive - Indian Institute of Technology Bombay/3rd sem/EE 224/Project/MyProject/IITB_CPU.vhdl Line: 78
Info (10041): Inferred latch for "n_state.S1" at IITB_CPU.vhdl(78) File: C:/Users/Satush/OneDrive - Indian Institute of Technology Bombay/3rd sem/EE 224/Project/MyProject/IITB_CPU.vhdl Line: 78
Info (10041): Inferred latch for "n_state.S0" at IITB_CPU.vhdl(78) File: C:/Users/Satush/OneDrive - Indian Institute of Technology Bombay/3rd sem/EE 224/Project/MyProject/IITB_CPU.vhdl Line: 78
Info (10041): Inferred latch for "n_PC[0]" at IITB_CPU.vhdl(78) File: C:/Users/Satush/OneDrive - Indian Institute of Technology Bombay/3rd sem/EE 224/Project/MyProject/IITB_CPU.vhdl Line: 78
Info (10041): Inferred latch for "n_PC[1]" at IITB_CPU.vhdl(78) File: C:/Users/Satush/OneDrive - Indian Institute of Technology Bombay/3rd sem/EE 224/Project/MyProject/IITB_CPU.vhdl Line: 78
Info (10041): Inferred latch for "n_PC[2]" at IITB_CPU.vhdl(78) File: C:/Users/Satush/OneDrive - Indian Institute of Technology Bombay/3rd sem/EE 224/Project/MyProject/IITB_CPU.vhdl Line: 78
Info (10041): Inferred latch for "n_PC[3]" at IITB_CPU.vhdl(78) File: C:/Users/Satush/OneDrive - Indian Institute of Technology Bombay/3rd sem/EE 224/Project/MyProject/IITB_CPU.vhdl Line: 78
Info (10041): Inferred latch for "n_PC[4]" at IITB_CPU.vhdl(78) File: C:/Users/Satush/OneDrive - Indian Institute of Technology Bombay/3rd sem/EE 224/Project/MyProject/IITB_CPU.vhdl Line: 78
Info (10041): Inferred latch for "n_PC[5]" at IITB_CPU.vhdl(78) File: C:/Users/Satush/OneDrive - Indian Institute of Technology Bombay/3rd sem/EE 224/Project/MyProject/IITB_CPU.vhdl Line: 78
Info (10041): Inferred latch for "n_PC[6]" at IITB_CPU.vhdl(78) File: C:/Users/Satush/OneDrive - Indian Institute of Technology Bombay/3rd sem/EE 224/Project/MyProject/IITB_CPU.vhdl Line: 78
Info (10041): Inferred latch for "n_PC[7]" at IITB_CPU.vhdl(78) File: C:/Users/Satush/OneDrive - Indian Institute of Technology Bombay/3rd sem/EE 224/Project/MyProject/IITB_CPU.vhdl Line: 78
Info (10041): Inferred latch for "n_PC[8]" at IITB_CPU.vhdl(78) File: C:/Users/Satush/OneDrive - Indian Institute of Technology Bombay/3rd sem/EE 224/Project/MyProject/IITB_CPU.vhdl Line: 78
Info (10041): Inferred latch for "n_PC[9]" at IITB_CPU.vhdl(78) File: C:/Users/Satush/OneDrive - Indian Institute of Technology Bombay/3rd sem/EE 224/Project/MyProject/IITB_CPU.vhdl Line: 78
Info (10041): Inferred latch for "n_PC[10]" at IITB_CPU.vhdl(78) File: C:/Users/Satush/OneDrive - Indian Institute of Technology Bombay/3rd sem/EE 224/Project/MyProject/IITB_CPU.vhdl Line: 78
Info (10041): Inferred latch for "n_PC[11]" at IITB_CPU.vhdl(78) File: C:/Users/Satush/OneDrive - Indian Institute of Technology Bombay/3rd sem/EE 224/Project/MyProject/IITB_CPU.vhdl Line: 78
Info (10041): Inferred latch for "n_PC[12]" at IITB_CPU.vhdl(78) File: C:/Users/Satush/OneDrive - Indian Institute of Technology Bombay/3rd sem/EE 224/Project/MyProject/IITB_CPU.vhdl Line: 78
Info (10041): Inferred latch for "n_PC[13]" at IITB_CPU.vhdl(78) File: C:/Users/Satush/OneDrive - Indian Institute of Technology Bombay/3rd sem/EE 224/Project/MyProject/IITB_CPU.vhdl Line: 78
Info (10041): Inferred latch for "n_PC[14]" at IITB_CPU.vhdl(78) File: C:/Users/Satush/OneDrive - Indian Institute of Technology Bombay/3rd sem/EE 224/Project/MyProject/IITB_CPU.vhdl Line: 78
Info (10041): Inferred latch for "n_PC[15]" at IITB_CPU.vhdl(78) File: C:/Users/Satush/OneDrive - Indian Institute of Technology Bombay/3rd sem/EE 224/Project/MyProject/IITB_CPU.vhdl Line: 78
Info (10041): Inferred latch for "B1[0]" at IITB_CPU.vhdl(78) File: C:/Users/Satush/OneDrive - Indian Institute of Technology Bombay/3rd sem/EE 224/Project/MyProject/IITB_CPU.vhdl Line: 78
Info (10041): Inferred latch for "B1[1]" at IITB_CPU.vhdl(78) File: C:/Users/Satush/OneDrive - Indian Institute of Technology Bombay/3rd sem/EE 224/Project/MyProject/IITB_CPU.vhdl Line: 78
Info (10041): Inferred latch for "B1[2]" at IITB_CPU.vhdl(78) File: C:/Users/Satush/OneDrive - Indian Institute of Technology Bombay/3rd sem/EE 224/Project/MyProject/IITB_CPU.vhdl Line: 78
Info (10041): Inferred latch for "B1[3]" at IITB_CPU.vhdl(78) File: C:/Users/Satush/OneDrive - Indian Institute of Technology Bombay/3rd sem/EE 224/Project/MyProject/IITB_CPU.vhdl Line: 78
Info (10041): Inferred latch for "B1[4]" at IITB_CPU.vhdl(78) File: C:/Users/Satush/OneDrive - Indian Institute of Technology Bombay/3rd sem/EE 224/Project/MyProject/IITB_CPU.vhdl Line: 78
Info (10041): Inferred latch for "B1[5]" at IITB_CPU.vhdl(78) File: C:/Users/Satush/OneDrive - Indian Institute of Technology Bombay/3rd sem/EE 224/Project/MyProject/IITB_CPU.vhdl Line: 78
Info (10041): Inferred latch for "B1[6]" at IITB_CPU.vhdl(78) File: C:/Users/Satush/OneDrive - Indian Institute of Technology Bombay/3rd sem/EE 224/Project/MyProject/IITB_CPU.vhdl Line: 78
Info (10041): Inferred latch for "B1[7]" at IITB_CPU.vhdl(78) File: C:/Users/Satush/OneDrive - Indian Institute of Technology Bombay/3rd sem/EE 224/Project/MyProject/IITB_CPU.vhdl Line: 78
Info (10041): Inferred latch for "B1[8]" at IITB_CPU.vhdl(78) File: C:/Users/Satush/OneDrive - Indian Institute of Technology Bombay/3rd sem/EE 224/Project/MyProject/IITB_CPU.vhdl Line: 78
Info (10041): Inferred latch for "B1[9]" at IITB_CPU.vhdl(78) File: C:/Users/Satush/OneDrive - Indian Institute of Technology Bombay/3rd sem/EE 224/Project/MyProject/IITB_CPU.vhdl Line: 78
Info (10041): Inferred latch for "B1[10]" at IITB_CPU.vhdl(78) File: C:/Users/Satush/OneDrive - Indian Institute of Technology Bombay/3rd sem/EE 224/Project/MyProject/IITB_CPU.vhdl Line: 78
Info (10041): Inferred latch for "B1[11]" at IITB_CPU.vhdl(78) File: C:/Users/Satush/OneDrive - Indian Institute of Technology Bombay/3rd sem/EE 224/Project/MyProject/IITB_CPU.vhdl Line: 78
Info (10041): Inferred latch for "B1[12]" at IITB_CPU.vhdl(78) File: C:/Users/Satush/OneDrive - Indian Institute of Technology Bombay/3rd sem/EE 224/Project/MyProject/IITB_CPU.vhdl Line: 78
Info (10041): Inferred latch for "B1[13]" at IITB_CPU.vhdl(78) File: C:/Users/Satush/OneDrive - Indian Institute of Technology Bombay/3rd sem/EE 224/Project/MyProject/IITB_CPU.vhdl Line: 78
Info (10041): Inferred latch for "B1[14]" at IITB_CPU.vhdl(78) File: C:/Users/Satush/OneDrive - Indian Institute of Technology Bombay/3rd sem/EE 224/Project/MyProject/IITB_CPU.vhdl Line: 78
Info (10041): Inferred latch for "B1[15]" at IITB_CPU.vhdl(78) File: C:/Users/Satush/OneDrive - Indian Institute of Technology Bombay/3rd sem/EE 224/Project/MyProject/IITB_CPU.vhdl Line: 78
Info (10041): Inferred latch for "A1[0]" at IITB_CPU.vhdl(78) File: C:/Users/Satush/OneDrive - Indian Institute of Technology Bombay/3rd sem/EE 224/Project/MyProject/IITB_CPU.vhdl Line: 78
Info (10041): Inferred latch for "A1[1]" at IITB_CPU.vhdl(78) File: C:/Users/Satush/OneDrive - Indian Institute of Technology Bombay/3rd sem/EE 224/Project/MyProject/IITB_CPU.vhdl Line: 78
Info (10041): Inferred latch for "A1[2]" at IITB_CPU.vhdl(78) File: C:/Users/Satush/OneDrive - Indian Institute of Technology Bombay/3rd sem/EE 224/Project/MyProject/IITB_CPU.vhdl Line: 78
Info (10041): Inferred latch for "A1[3]" at IITB_CPU.vhdl(78) File: C:/Users/Satush/OneDrive - Indian Institute of Technology Bombay/3rd sem/EE 224/Project/MyProject/IITB_CPU.vhdl Line: 78
Info (10041): Inferred latch for "A1[4]" at IITB_CPU.vhdl(78) File: C:/Users/Satush/OneDrive - Indian Institute of Technology Bombay/3rd sem/EE 224/Project/MyProject/IITB_CPU.vhdl Line: 78
Info (10041): Inferred latch for "A1[5]" at IITB_CPU.vhdl(78) File: C:/Users/Satush/OneDrive - Indian Institute of Technology Bombay/3rd sem/EE 224/Project/MyProject/IITB_CPU.vhdl Line: 78
Info (10041): Inferred latch for "A1[6]" at IITB_CPU.vhdl(78) File: C:/Users/Satush/OneDrive - Indian Institute of Technology Bombay/3rd sem/EE 224/Project/MyProject/IITB_CPU.vhdl Line: 78
Info (10041): Inferred latch for "A1[7]" at IITB_CPU.vhdl(78) File: C:/Users/Satush/OneDrive - Indian Institute of Technology Bombay/3rd sem/EE 224/Project/MyProject/IITB_CPU.vhdl Line: 78
Info (10041): Inferred latch for "A1[8]" at IITB_CPU.vhdl(78) File: C:/Users/Satush/OneDrive - Indian Institute of Technology Bombay/3rd sem/EE 224/Project/MyProject/IITB_CPU.vhdl Line: 78
Info (10041): Inferred latch for "A1[9]" at IITB_CPU.vhdl(78) File: C:/Users/Satush/OneDrive - Indian Institute of Technology Bombay/3rd sem/EE 224/Project/MyProject/IITB_CPU.vhdl Line: 78
Info (10041): Inferred latch for "A1[10]" at IITB_CPU.vhdl(78) File: C:/Users/Satush/OneDrive - Indian Institute of Technology Bombay/3rd sem/EE 224/Project/MyProject/IITB_CPU.vhdl Line: 78
Info (10041): Inferred latch for "A1[11]" at IITB_CPU.vhdl(78) File: C:/Users/Satush/OneDrive - Indian Institute of Technology Bombay/3rd sem/EE 224/Project/MyProject/IITB_CPU.vhdl Line: 78
Info (10041): Inferred latch for "A1[12]" at IITB_CPU.vhdl(78) File: C:/Users/Satush/OneDrive - Indian Institute of Technology Bombay/3rd sem/EE 224/Project/MyProject/IITB_CPU.vhdl Line: 78
Info (10041): Inferred latch for "A1[13]" at IITB_CPU.vhdl(78) File: C:/Users/Satush/OneDrive - Indian Institute of Technology Bombay/3rd sem/EE 224/Project/MyProject/IITB_CPU.vhdl Line: 78
Info (10041): Inferred latch for "A1[14]" at IITB_CPU.vhdl(78) File: C:/Users/Satush/OneDrive - Indian Institute of Technology Bombay/3rd sem/EE 224/Project/MyProject/IITB_CPU.vhdl Line: 78
Info (10041): Inferred latch for "A1[15]" at IITB_CPU.vhdl(78) File: C:/Users/Satush/OneDrive - Indian Institute of Technology Bombay/3rd sem/EE 224/Project/MyProject/IITB_CPU.vhdl Line: 78
Info (10041): Inferred latch for "Opr1[0]" at IITB_CPU.vhdl(78) File: C:/Users/Satush/OneDrive - Indian Institute of Technology Bombay/3rd sem/EE 224/Project/MyProject/IITB_CPU.vhdl Line: 78
Info (10041): Inferred latch for "Opr1[1]" at IITB_CPU.vhdl(78) File: C:/Users/Satush/OneDrive - Indian Institute of Technology Bombay/3rd sem/EE 224/Project/MyProject/IITB_CPU.vhdl Line: 78
Info (10041): Inferred latch for "IR[0]" at IITB_CPU.vhdl(78) File: C:/Users/Satush/OneDrive - Indian Institute of Technology Bombay/3rd sem/EE 224/Project/MyProject/IITB_CPU.vhdl Line: 78
Info (10041): Inferred latch for "IR[1]" at IITB_CPU.vhdl(78) File: C:/Users/Satush/OneDrive - Indian Institute of Technology Bombay/3rd sem/EE 224/Project/MyProject/IITB_CPU.vhdl Line: 78
Info (10041): Inferred latch for "IR[2]" at IITB_CPU.vhdl(78) File: C:/Users/Satush/OneDrive - Indian Institute of Technology Bombay/3rd sem/EE 224/Project/MyProject/IITB_CPU.vhdl Line: 78
Info (10041): Inferred latch for "IR[3]" at IITB_CPU.vhdl(78) File: C:/Users/Satush/OneDrive - Indian Institute of Technology Bombay/3rd sem/EE 224/Project/MyProject/IITB_CPU.vhdl Line: 78
Info (10041): Inferred latch for "IR[4]" at IITB_CPU.vhdl(78) File: C:/Users/Satush/OneDrive - Indian Institute of Technology Bombay/3rd sem/EE 224/Project/MyProject/IITB_CPU.vhdl Line: 78
Info (10041): Inferred latch for "IR[5]" at IITB_CPU.vhdl(78) File: C:/Users/Satush/OneDrive - Indian Institute of Technology Bombay/3rd sem/EE 224/Project/MyProject/IITB_CPU.vhdl Line: 78
Info (10041): Inferred latch for "IR[6]" at IITB_CPU.vhdl(78) File: C:/Users/Satush/OneDrive - Indian Institute of Technology Bombay/3rd sem/EE 224/Project/MyProject/IITB_CPU.vhdl Line: 78
Info (10041): Inferred latch for "IR[7]" at IITB_CPU.vhdl(78) File: C:/Users/Satush/OneDrive - Indian Institute of Technology Bombay/3rd sem/EE 224/Project/MyProject/IITB_CPU.vhdl Line: 78
Info (10041): Inferred latch for "IR[8]" at IITB_CPU.vhdl(78) File: C:/Users/Satush/OneDrive - Indian Institute of Technology Bombay/3rd sem/EE 224/Project/MyProject/IITB_CPU.vhdl Line: 78
Info (10041): Inferred latch for "IR[9]" at IITB_CPU.vhdl(78) File: C:/Users/Satush/OneDrive - Indian Institute of Technology Bombay/3rd sem/EE 224/Project/MyProject/IITB_CPU.vhdl Line: 78
Info (10041): Inferred latch for "IR[10]" at IITB_CPU.vhdl(78) File: C:/Users/Satush/OneDrive - Indian Institute of Technology Bombay/3rd sem/EE 224/Project/MyProject/IITB_CPU.vhdl Line: 78
Info (10041): Inferred latch for "IR[11]" at IITB_CPU.vhdl(78) File: C:/Users/Satush/OneDrive - Indian Institute of Technology Bombay/3rd sem/EE 224/Project/MyProject/IITB_CPU.vhdl Line: 78
Info (10041): Inferred latch for "IR[12]" at IITB_CPU.vhdl(78) File: C:/Users/Satush/OneDrive - Indian Institute of Technology Bombay/3rd sem/EE 224/Project/MyProject/IITB_CPU.vhdl Line: 78
Info (10041): Inferred latch for "IR[13]" at IITB_CPU.vhdl(78) File: C:/Users/Satush/OneDrive - Indian Institute of Technology Bombay/3rd sem/EE 224/Project/MyProject/IITB_CPU.vhdl Line: 78
Info (10041): Inferred latch for "IR[14]" at IITB_CPU.vhdl(78) File: C:/Users/Satush/OneDrive - Indian Institute of Technology Bombay/3rd sem/EE 224/Project/MyProject/IITB_CPU.vhdl Line: 78
Info (10041): Inferred latch for "IR[15]" at IITB_CPU.vhdl(78) File: C:/Users/Satush/OneDrive - Indian Institute of Technology Bombay/3rd sem/EE 224/Project/MyProject/IITB_CPU.vhdl Line: 78
Info (10041): Inferred latch for "Mem_Din[0]" at IITB_CPU.vhdl(78) File: C:/Users/Satush/OneDrive - Indian Institute of Technology Bombay/3rd sem/EE 224/Project/MyProject/IITB_CPU.vhdl Line: 78
Info (10041): Inferred latch for "Mem_Din[1]" at IITB_CPU.vhdl(78) File: C:/Users/Satush/OneDrive - Indian Institute of Technology Bombay/3rd sem/EE 224/Project/MyProject/IITB_CPU.vhdl Line: 78
Info (10041): Inferred latch for "Mem_Din[2]" at IITB_CPU.vhdl(78) File: C:/Users/Satush/OneDrive - Indian Institute of Technology Bombay/3rd sem/EE 224/Project/MyProject/IITB_CPU.vhdl Line: 78
Info (10041): Inferred latch for "Mem_Din[3]" at IITB_CPU.vhdl(78) File: C:/Users/Satush/OneDrive - Indian Institute of Technology Bombay/3rd sem/EE 224/Project/MyProject/IITB_CPU.vhdl Line: 78
Info (10041): Inferred latch for "Mem_Din[4]" at IITB_CPU.vhdl(78) File: C:/Users/Satush/OneDrive - Indian Institute of Technology Bombay/3rd sem/EE 224/Project/MyProject/IITB_CPU.vhdl Line: 78
Info (10041): Inferred latch for "Mem_Din[5]" at IITB_CPU.vhdl(78) File: C:/Users/Satush/OneDrive - Indian Institute of Technology Bombay/3rd sem/EE 224/Project/MyProject/IITB_CPU.vhdl Line: 78
Info (10041): Inferred latch for "Mem_Din[6]" at IITB_CPU.vhdl(78) File: C:/Users/Satush/OneDrive - Indian Institute of Technology Bombay/3rd sem/EE 224/Project/MyProject/IITB_CPU.vhdl Line: 78
Info (10041): Inferred latch for "Mem_Din[7]" at IITB_CPU.vhdl(78) File: C:/Users/Satush/OneDrive - Indian Institute of Technology Bombay/3rd sem/EE 224/Project/MyProject/IITB_CPU.vhdl Line: 78
Info (10041): Inferred latch for "Mem_Din[8]" at IITB_CPU.vhdl(78) File: C:/Users/Satush/OneDrive - Indian Institute of Technology Bombay/3rd sem/EE 224/Project/MyProject/IITB_CPU.vhdl Line: 78
Info (10041): Inferred latch for "Mem_Din[9]" at IITB_CPU.vhdl(78) File: C:/Users/Satush/OneDrive - Indian Institute of Technology Bombay/3rd sem/EE 224/Project/MyProject/IITB_CPU.vhdl Line: 78
Info (10041): Inferred latch for "Mem_Din[10]" at IITB_CPU.vhdl(78) File: C:/Users/Satush/OneDrive - Indian Institute of Technology Bombay/3rd sem/EE 224/Project/MyProject/IITB_CPU.vhdl Line: 78
Info (10041): Inferred latch for "Mem_Din[11]" at IITB_CPU.vhdl(78) File: C:/Users/Satush/OneDrive - Indian Institute of Technology Bombay/3rd sem/EE 224/Project/MyProject/IITB_CPU.vhdl Line: 78
Info (10041): Inferred latch for "Mem_Din[12]" at IITB_CPU.vhdl(78) File: C:/Users/Satush/OneDrive - Indian Institute of Technology Bombay/3rd sem/EE 224/Project/MyProject/IITB_CPU.vhdl Line: 78
Info (10041): Inferred latch for "Mem_Din[13]" at IITB_CPU.vhdl(78) File: C:/Users/Satush/OneDrive - Indian Institute of Technology Bombay/3rd sem/EE 224/Project/MyProject/IITB_CPU.vhdl Line: 78
Info (10041): Inferred latch for "Mem_Din[14]" at IITB_CPU.vhdl(78) File: C:/Users/Satush/OneDrive - Indian Institute of Technology Bombay/3rd sem/EE 224/Project/MyProject/IITB_CPU.vhdl Line: 78
Info (10041): Inferred latch for "Mem_Din[15]" at IITB_CPU.vhdl(78) File: C:/Users/Satush/OneDrive - Indian Institute of Technology Bombay/3rd sem/EE 224/Project/MyProject/IITB_CPU.vhdl Line: 78
Info (10041): Inferred latch for "Address[0]" at IITB_CPU.vhdl(78) File: C:/Users/Satush/OneDrive - Indian Institute of Technology Bombay/3rd sem/EE 224/Project/MyProject/IITB_CPU.vhdl Line: 78
Info (10041): Inferred latch for "Address[1]" at IITB_CPU.vhdl(78) File: C:/Users/Satush/OneDrive - Indian Institute of Technology Bombay/3rd sem/EE 224/Project/MyProject/IITB_CPU.vhdl Line: 78
Info (10041): Inferred latch for "Address[2]" at IITB_CPU.vhdl(78) File: C:/Users/Satush/OneDrive - Indian Institute of Technology Bombay/3rd sem/EE 224/Project/MyProject/IITB_CPU.vhdl Line: 78
Info (10041): Inferred latch for "Address[3]" at IITB_CPU.vhdl(78) File: C:/Users/Satush/OneDrive - Indian Institute of Technology Bombay/3rd sem/EE 224/Project/MyProject/IITB_CPU.vhdl Line: 78
Info (10041): Inferred latch for "Address[4]" at IITB_CPU.vhdl(78) File: C:/Users/Satush/OneDrive - Indian Institute of Technology Bombay/3rd sem/EE 224/Project/MyProject/IITB_CPU.vhdl Line: 78
Info (10041): Inferred latch for "Address[5]" at IITB_CPU.vhdl(78) File: C:/Users/Satush/OneDrive - Indian Institute of Technology Bombay/3rd sem/EE 224/Project/MyProject/IITB_CPU.vhdl Line: 78
Info (10041): Inferred latch for "Address[6]" at IITB_CPU.vhdl(78) File: C:/Users/Satush/OneDrive - Indian Institute of Technology Bombay/3rd sem/EE 224/Project/MyProject/IITB_CPU.vhdl Line: 78
Info (10041): Inferred latch for "Address[7]" at IITB_CPU.vhdl(78) File: C:/Users/Satush/OneDrive - Indian Institute of Technology Bombay/3rd sem/EE 224/Project/MyProject/IITB_CPU.vhdl Line: 78
Info (10041): Inferred latch for "Address[8]" at IITB_CPU.vhdl(78) File: C:/Users/Satush/OneDrive - Indian Institute of Technology Bombay/3rd sem/EE 224/Project/MyProject/IITB_CPU.vhdl Line: 78
Info (10041): Inferred latch for "Address[9]" at IITB_CPU.vhdl(78) File: C:/Users/Satush/OneDrive - Indian Institute of Technology Bombay/3rd sem/EE 224/Project/MyProject/IITB_CPU.vhdl Line: 78
Info (10041): Inferred latch for "Address[10]" at IITB_CPU.vhdl(78) File: C:/Users/Satush/OneDrive - Indian Institute of Technology Bombay/3rd sem/EE 224/Project/MyProject/IITB_CPU.vhdl Line: 78
Info (10041): Inferred latch for "Address[11]" at IITB_CPU.vhdl(78) File: C:/Users/Satush/OneDrive - Indian Institute of Technology Bombay/3rd sem/EE 224/Project/MyProject/IITB_CPU.vhdl Line: 78
Info (10041): Inferred latch for "Address[12]" at IITB_CPU.vhdl(78) File: C:/Users/Satush/OneDrive - Indian Institute of Technology Bombay/3rd sem/EE 224/Project/MyProject/IITB_CPU.vhdl Line: 78
Info (10041): Inferred latch for "Address[13]" at IITB_CPU.vhdl(78) File: C:/Users/Satush/OneDrive - Indian Institute of Technology Bombay/3rd sem/EE 224/Project/MyProject/IITB_CPU.vhdl Line: 78
Info (10041): Inferred latch for "Address[14]" at IITB_CPU.vhdl(78) File: C:/Users/Satush/OneDrive - Indian Institute of Technology Bombay/3rd sem/EE 224/Project/MyProject/IITB_CPU.vhdl Line: 78
Info (10041): Inferred latch for "Address[15]" at IITB_CPU.vhdl(78) File: C:/Users/Satush/OneDrive - Indian Institute of Technology Bombay/3rd sem/EE 224/Project/MyProject/IITB_CPU.vhdl Line: 78
Info (10041): Inferred latch for "Mem_W" at IITB_CPU.vhdl(78) File: C:/Users/Satush/OneDrive - Indian Institute of Technology Bombay/3rd sem/EE 224/Project/MyProject/IITB_CPU.vhdl Line: 78
Info (12128): Elaborating entity "RF" for hierarchy "RF:RF1" File: C:/Users/Satush/OneDrive - Indian Institute of Technology Bombay/3rd sem/EE 224/Project/MyProject/IITB_CPU.vhdl Line: 66
Warning (10631): VHDL Process Statement warning at RF.vhdl(46): inferring latch(es) for signal or variable "R0", which holds its previous value in one or more paths through the process File: C:/Users/Satush/OneDrive - Indian Institute of Technology Bombay/3rd sem/EE 224/Project/MyProject/RF.vhdl Line: 46
Warning (10631): VHDL Process Statement warning at RF.vhdl(46): inferring latch(es) for signal or variable "R1", which holds its previous value in one or more paths through the process File: C:/Users/Satush/OneDrive - Indian Institute of Technology Bombay/3rd sem/EE 224/Project/MyProject/RF.vhdl Line: 46
Warning (10631): VHDL Process Statement warning at RF.vhdl(46): inferring latch(es) for signal or variable "R2", which holds its previous value in one or more paths through the process File: C:/Users/Satush/OneDrive - Indian Institute of Technology Bombay/3rd sem/EE 224/Project/MyProject/RF.vhdl Line: 46
Warning (10631): VHDL Process Statement warning at RF.vhdl(46): inferring latch(es) for signal or variable "R3", which holds its previous value in one or more paths through the process File: C:/Users/Satush/OneDrive - Indian Institute of Technology Bombay/3rd sem/EE 224/Project/MyProject/RF.vhdl Line: 46
Warning (10631): VHDL Process Statement warning at RF.vhdl(46): inferring latch(es) for signal or variable "R4", which holds its previous value in one or more paths through the process File: C:/Users/Satush/OneDrive - Indian Institute of Technology Bombay/3rd sem/EE 224/Project/MyProject/RF.vhdl Line: 46
Warning (10631): VHDL Process Statement warning at RF.vhdl(46): inferring latch(es) for signal or variable "R5", which holds its previous value in one or more paths through the process File: C:/Users/Satush/OneDrive - Indian Institute of Technology Bombay/3rd sem/EE 224/Project/MyProject/RF.vhdl Line: 46
Warning (10631): VHDL Process Statement warning at RF.vhdl(46): inferring latch(es) for signal or variable "R6", which holds its previous value in one or more paths through the process File: C:/Users/Satush/OneDrive - Indian Institute of Technology Bombay/3rd sem/EE 224/Project/MyProject/RF.vhdl Line: 46
Warning (10631): VHDL Process Statement warning at RF.vhdl(46): inferring latch(es) for signal or variable "R7", which holds its previous value in one or more paths through the process File: C:/Users/Satush/OneDrive - Indian Institute of Technology Bombay/3rd sem/EE 224/Project/MyProject/RF.vhdl Line: 46
Info (10041): Inferred latch for "R7[0]" at RF.vhdl(46) File: C:/Users/Satush/OneDrive - Indian Institute of Technology Bombay/3rd sem/EE 224/Project/MyProject/RF.vhdl Line: 46
Info (10041): Inferred latch for "R7[1]" at RF.vhdl(46) File: C:/Users/Satush/OneDrive - Indian Institute of Technology Bombay/3rd sem/EE 224/Project/MyProject/RF.vhdl Line: 46
Info (10041): Inferred latch for "R7[2]" at RF.vhdl(46) File: C:/Users/Satush/OneDrive - Indian Institute of Technology Bombay/3rd sem/EE 224/Project/MyProject/RF.vhdl Line: 46
Info (10041): Inferred latch for "R7[3]" at RF.vhdl(46) File: C:/Users/Satush/OneDrive - Indian Institute of Technology Bombay/3rd sem/EE 224/Project/MyProject/RF.vhdl Line: 46
Info (10041): Inferred latch for "R7[4]" at RF.vhdl(46) File: C:/Users/Satush/OneDrive - Indian Institute of Technology Bombay/3rd sem/EE 224/Project/MyProject/RF.vhdl Line: 46
Info (10041): Inferred latch for "R7[5]" at RF.vhdl(46) File: C:/Users/Satush/OneDrive - Indian Institute of Technology Bombay/3rd sem/EE 224/Project/MyProject/RF.vhdl Line: 46
Info (10041): Inferred latch for "R7[6]" at RF.vhdl(46) File: C:/Users/Satush/OneDrive - Indian Institute of Technology Bombay/3rd sem/EE 224/Project/MyProject/RF.vhdl Line: 46
Info (10041): Inferred latch for "R7[7]" at RF.vhdl(46) File: C:/Users/Satush/OneDrive - Indian Institute of Technology Bombay/3rd sem/EE 224/Project/MyProject/RF.vhdl Line: 46
Info (10041): Inferred latch for "R7[8]" at RF.vhdl(46) File: C:/Users/Satush/OneDrive - Indian Institute of Technology Bombay/3rd sem/EE 224/Project/MyProject/RF.vhdl Line: 46
Info (10041): Inferred latch for "R7[9]" at RF.vhdl(46) File: C:/Users/Satush/OneDrive - Indian Institute of Technology Bombay/3rd sem/EE 224/Project/MyProject/RF.vhdl Line: 46
Info (10041): Inferred latch for "R7[10]" at RF.vhdl(46) File: C:/Users/Satush/OneDrive - Indian Institute of Technology Bombay/3rd sem/EE 224/Project/MyProject/RF.vhdl Line: 46
Info (10041): Inferred latch for "R7[11]" at RF.vhdl(46) File: C:/Users/Satush/OneDrive - Indian Institute of Technology Bombay/3rd sem/EE 224/Project/MyProject/RF.vhdl Line: 46
Info (10041): Inferred latch for "R7[12]" at RF.vhdl(46) File: C:/Users/Satush/OneDrive - Indian Institute of Technology Bombay/3rd sem/EE 224/Project/MyProject/RF.vhdl Line: 46
Info (10041): Inferred latch for "R7[13]" at RF.vhdl(46) File: C:/Users/Satush/OneDrive - Indian Institute of Technology Bombay/3rd sem/EE 224/Project/MyProject/RF.vhdl Line: 46
Info (10041): Inferred latch for "R7[14]" at RF.vhdl(46) File: C:/Users/Satush/OneDrive - Indian Institute of Technology Bombay/3rd sem/EE 224/Project/MyProject/RF.vhdl Line: 46
Info (10041): Inferred latch for "R7[15]" at RF.vhdl(46) File: C:/Users/Satush/OneDrive - Indian Institute of Technology Bombay/3rd sem/EE 224/Project/MyProject/RF.vhdl Line: 46
Info (10041): Inferred latch for "R6[0]" at RF.vhdl(46) File: C:/Users/Satush/OneDrive - Indian Institute of Technology Bombay/3rd sem/EE 224/Project/MyProject/RF.vhdl Line: 46
Info (10041): Inferred latch for "R6[1]" at RF.vhdl(46) File: C:/Users/Satush/OneDrive - Indian Institute of Technology Bombay/3rd sem/EE 224/Project/MyProject/RF.vhdl Line: 46
Info (10041): Inferred latch for "R6[2]" at RF.vhdl(46) File: C:/Users/Satush/OneDrive - Indian Institute of Technology Bombay/3rd sem/EE 224/Project/MyProject/RF.vhdl Line: 46
Info (10041): Inferred latch for "R6[3]" at RF.vhdl(46) File: C:/Users/Satush/OneDrive - Indian Institute of Technology Bombay/3rd sem/EE 224/Project/MyProject/RF.vhdl Line: 46
Info (10041): Inferred latch for "R6[4]" at RF.vhdl(46) File: C:/Users/Satush/OneDrive - Indian Institute of Technology Bombay/3rd sem/EE 224/Project/MyProject/RF.vhdl Line: 46
Info (10041): Inferred latch for "R6[5]" at RF.vhdl(46) File: C:/Users/Satush/OneDrive - Indian Institute of Technology Bombay/3rd sem/EE 224/Project/MyProject/RF.vhdl Line: 46
Info (10041): Inferred latch for "R6[6]" at RF.vhdl(46) File: C:/Users/Satush/OneDrive - Indian Institute of Technology Bombay/3rd sem/EE 224/Project/MyProject/RF.vhdl Line: 46
Info (10041): Inferred latch for "R6[7]" at RF.vhdl(46) File: C:/Users/Satush/OneDrive - Indian Institute of Technology Bombay/3rd sem/EE 224/Project/MyProject/RF.vhdl Line: 46
Info (10041): Inferred latch for "R6[8]" at RF.vhdl(46) File: C:/Users/Satush/OneDrive - Indian Institute of Technology Bombay/3rd sem/EE 224/Project/MyProject/RF.vhdl Line: 46
Info (10041): Inferred latch for "R6[9]" at RF.vhdl(46) File: C:/Users/Satush/OneDrive - Indian Institute of Technology Bombay/3rd sem/EE 224/Project/MyProject/RF.vhdl Line: 46
Info (10041): Inferred latch for "R6[10]" at RF.vhdl(46) File: C:/Users/Satush/OneDrive - Indian Institute of Technology Bombay/3rd sem/EE 224/Project/MyProject/RF.vhdl Line: 46
Info (10041): Inferred latch for "R6[11]" at RF.vhdl(46) File: C:/Users/Satush/OneDrive - Indian Institute of Technology Bombay/3rd sem/EE 224/Project/MyProject/RF.vhdl Line: 46
Info (10041): Inferred latch for "R6[12]" at RF.vhdl(46) File: C:/Users/Satush/OneDrive - Indian Institute of Technology Bombay/3rd sem/EE 224/Project/MyProject/RF.vhdl Line: 46
Info (10041): Inferred latch for "R6[13]" at RF.vhdl(46) File: C:/Users/Satush/OneDrive - Indian Institute of Technology Bombay/3rd sem/EE 224/Project/MyProject/RF.vhdl Line: 46
Info (10041): Inferred latch for "R6[14]" at RF.vhdl(46) File: C:/Users/Satush/OneDrive - Indian Institute of Technology Bombay/3rd sem/EE 224/Project/MyProject/RF.vhdl Line: 46
Info (10041): Inferred latch for "R6[15]" at RF.vhdl(46) File: C:/Users/Satush/OneDrive - Indian Institute of Technology Bombay/3rd sem/EE 224/Project/MyProject/RF.vhdl Line: 46
Info (10041): Inferred latch for "R5[0]" at RF.vhdl(46) File: C:/Users/Satush/OneDrive - Indian Institute of Technology Bombay/3rd sem/EE 224/Project/MyProject/RF.vhdl Line: 46
Info (10041): Inferred latch for "R5[1]" at RF.vhdl(46) File: C:/Users/Satush/OneDrive - Indian Institute of Technology Bombay/3rd sem/EE 224/Project/MyProject/RF.vhdl Line: 46
Info (10041): Inferred latch for "R5[2]" at RF.vhdl(46) File: C:/Users/Satush/OneDrive - Indian Institute of Technology Bombay/3rd sem/EE 224/Project/MyProject/RF.vhdl Line: 46
Info (10041): Inferred latch for "R5[3]" at RF.vhdl(46) File: C:/Users/Satush/OneDrive - Indian Institute of Technology Bombay/3rd sem/EE 224/Project/MyProject/RF.vhdl Line: 46
Info (10041): Inferred latch for "R5[4]" at RF.vhdl(46) File: C:/Users/Satush/OneDrive - Indian Institute of Technology Bombay/3rd sem/EE 224/Project/MyProject/RF.vhdl Line: 46
Info (10041): Inferred latch for "R5[5]" at RF.vhdl(46) File: C:/Users/Satush/OneDrive - Indian Institute of Technology Bombay/3rd sem/EE 224/Project/MyProject/RF.vhdl Line: 46
Info (10041): Inferred latch for "R5[6]" at RF.vhdl(46) File: C:/Users/Satush/OneDrive - Indian Institute of Technology Bombay/3rd sem/EE 224/Project/MyProject/RF.vhdl Line: 46
Info (10041): Inferred latch for "R5[7]" at RF.vhdl(46) File: C:/Users/Satush/OneDrive - Indian Institute of Technology Bombay/3rd sem/EE 224/Project/MyProject/RF.vhdl Line: 46
Info (10041): Inferred latch for "R5[8]" at RF.vhdl(46) File: C:/Users/Satush/OneDrive - Indian Institute of Technology Bombay/3rd sem/EE 224/Project/MyProject/RF.vhdl Line: 46
Info (10041): Inferred latch for "R5[9]" at RF.vhdl(46) File: C:/Users/Satush/OneDrive - Indian Institute of Technology Bombay/3rd sem/EE 224/Project/MyProject/RF.vhdl Line: 46
Info (10041): Inferred latch for "R5[10]" at RF.vhdl(46) File: C:/Users/Satush/OneDrive - Indian Institute of Technology Bombay/3rd sem/EE 224/Project/MyProject/RF.vhdl Line: 46
Info (10041): Inferred latch for "R5[11]" at RF.vhdl(46) File: C:/Users/Satush/OneDrive - Indian Institute of Technology Bombay/3rd sem/EE 224/Project/MyProject/RF.vhdl Line: 46
Info (10041): Inferred latch for "R5[12]" at RF.vhdl(46) File: C:/Users/Satush/OneDrive - Indian Institute of Technology Bombay/3rd sem/EE 224/Project/MyProject/RF.vhdl Line: 46
Info (10041): Inferred latch for "R5[13]" at RF.vhdl(46) File: C:/Users/Satush/OneDrive - Indian Institute of Technology Bombay/3rd sem/EE 224/Project/MyProject/RF.vhdl Line: 46
Info (10041): Inferred latch for "R5[14]" at RF.vhdl(46) File: C:/Users/Satush/OneDrive - Indian Institute of Technology Bombay/3rd sem/EE 224/Project/MyProject/RF.vhdl Line: 46
Info (10041): Inferred latch for "R5[15]" at RF.vhdl(46) File: C:/Users/Satush/OneDrive - Indian Institute of Technology Bombay/3rd sem/EE 224/Project/MyProject/RF.vhdl Line: 46
Info (10041): Inferred latch for "R4[0]" at RF.vhdl(46) File: C:/Users/Satush/OneDrive - Indian Institute of Technology Bombay/3rd sem/EE 224/Project/MyProject/RF.vhdl Line: 46
Info (10041): Inferred latch for "R4[1]" at RF.vhdl(46) File: C:/Users/Satush/OneDrive - Indian Institute of Technology Bombay/3rd sem/EE 224/Project/MyProject/RF.vhdl Line: 46
Info (10041): Inferred latch for "R4[2]" at RF.vhdl(46) File: C:/Users/Satush/OneDrive - Indian Institute of Technology Bombay/3rd sem/EE 224/Project/MyProject/RF.vhdl Line: 46
Info (10041): Inferred latch for "R4[3]" at RF.vhdl(46) File: C:/Users/Satush/OneDrive - Indian Institute of Technology Bombay/3rd sem/EE 224/Project/MyProject/RF.vhdl Line: 46
Info (10041): Inferred latch for "R4[4]" at RF.vhdl(46) File: C:/Users/Satush/OneDrive - Indian Institute of Technology Bombay/3rd sem/EE 224/Project/MyProject/RF.vhdl Line: 46
Info (10041): Inferred latch for "R4[5]" at RF.vhdl(46) File: C:/Users/Satush/OneDrive - Indian Institute of Technology Bombay/3rd sem/EE 224/Project/MyProject/RF.vhdl Line: 46
Info (10041): Inferred latch for "R4[6]" at RF.vhdl(46) File: C:/Users/Satush/OneDrive - Indian Institute of Technology Bombay/3rd sem/EE 224/Project/MyProject/RF.vhdl Line: 46
Info (10041): Inferred latch for "R4[7]" at RF.vhdl(46) File: C:/Users/Satush/OneDrive - Indian Institute of Technology Bombay/3rd sem/EE 224/Project/MyProject/RF.vhdl Line: 46
Info (10041): Inferred latch for "R4[8]" at RF.vhdl(46) File: C:/Users/Satush/OneDrive - Indian Institute of Technology Bombay/3rd sem/EE 224/Project/MyProject/RF.vhdl Line: 46
Info (10041): Inferred latch for "R4[9]" at RF.vhdl(46) File: C:/Users/Satush/OneDrive - Indian Institute of Technology Bombay/3rd sem/EE 224/Project/MyProject/RF.vhdl Line: 46
Info (10041): Inferred latch for "R4[10]" at RF.vhdl(46) File: C:/Users/Satush/OneDrive - Indian Institute of Technology Bombay/3rd sem/EE 224/Project/MyProject/RF.vhdl Line: 46
Info (10041): Inferred latch for "R4[11]" at RF.vhdl(46) File: C:/Users/Satush/OneDrive - Indian Institute of Technology Bombay/3rd sem/EE 224/Project/MyProject/RF.vhdl Line: 46
Info (10041): Inferred latch for "R4[12]" at RF.vhdl(46) File: C:/Users/Satush/OneDrive - Indian Institute of Technology Bombay/3rd sem/EE 224/Project/MyProject/RF.vhdl Line: 46
Info (10041): Inferred latch for "R4[13]" at RF.vhdl(46) File: C:/Users/Satush/OneDrive - Indian Institute of Technology Bombay/3rd sem/EE 224/Project/MyProject/RF.vhdl Line: 46
Info (10041): Inferred latch for "R4[14]" at RF.vhdl(46) File: C:/Users/Satush/OneDrive - Indian Institute of Technology Bombay/3rd sem/EE 224/Project/MyProject/RF.vhdl Line: 46
Info (10041): Inferred latch for "R4[15]" at RF.vhdl(46) File: C:/Users/Satush/OneDrive - Indian Institute of Technology Bombay/3rd sem/EE 224/Project/MyProject/RF.vhdl Line: 46
Info (10041): Inferred latch for "R3[0]" at RF.vhdl(46) File: C:/Users/Satush/OneDrive - Indian Institute of Technology Bombay/3rd sem/EE 224/Project/MyProject/RF.vhdl Line: 46
Info (10041): Inferred latch for "R3[1]" at RF.vhdl(46) File: C:/Users/Satush/OneDrive - Indian Institute of Technology Bombay/3rd sem/EE 224/Project/MyProject/RF.vhdl Line: 46
Info (10041): Inferred latch for "R3[2]" at RF.vhdl(46) File: C:/Users/Satush/OneDrive - Indian Institute of Technology Bombay/3rd sem/EE 224/Project/MyProject/RF.vhdl Line: 46
Info (10041): Inferred latch for "R3[3]" at RF.vhdl(46) File: C:/Users/Satush/OneDrive - Indian Institute of Technology Bombay/3rd sem/EE 224/Project/MyProject/RF.vhdl Line: 46
Info (10041): Inferred latch for "R3[4]" at RF.vhdl(46) File: C:/Users/Satush/OneDrive - Indian Institute of Technology Bombay/3rd sem/EE 224/Project/MyProject/RF.vhdl Line: 46
Info (10041): Inferred latch for "R3[5]" at RF.vhdl(46) File: C:/Users/Satush/OneDrive - Indian Institute of Technology Bombay/3rd sem/EE 224/Project/MyProject/RF.vhdl Line: 46
Info (10041): Inferred latch for "R3[6]" at RF.vhdl(46) File: C:/Users/Satush/OneDrive - Indian Institute of Technology Bombay/3rd sem/EE 224/Project/MyProject/RF.vhdl Line: 46
Info (10041): Inferred latch for "R3[7]" at RF.vhdl(46) File: C:/Users/Satush/OneDrive - Indian Institute of Technology Bombay/3rd sem/EE 224/Project/MyProject/RF.vhdl Line: 46
Info (10041): Inferred latch for "R3[8]" at RF.vhdl(46) File: C:/Users/Satush/OneDrive - Indian Institute of Technology Bombay/3rd sem/EE 224/Project/MyProject/RF.vhdl Line: 46
Info (10041): Inferred latch for "R3[9]" at RF.vhdl(46) File: C:/Users/Satush/OneDrive - Indian Institute of Technology Bombay/3rd sem/EE 224/Project/MyProject/RF.vhdl Line: 46
Info (10041): Inferred latch for "R3[10]" at RF.vhdl(46) File: C:/Users/Satush/OneDrive - Indian Institute of Technology Bombay/3rd sem/EE 224/Project/MyProject/RF.vhdl Line: 46
Info (10041): Inferred latch for "R3[11]" at RF.vhdl(46) File: C:/Users/Satush/OneDrive - Indian Institute of Technology Bombay/3rd sem/EE 224/Project/MyProject/RF.vhdl Line: 46
Info (10041): Inferred latch for "R3[12]" at RF.vhdl(46) File: C:/Users/Satush/OneDrive - Indian Institute of Technology Bombay/3rd sem/EE 224/Project/MyProject/RF.vhdl Line: 46
Info (10041): Inferred latch for "R3[13]" at RF.vhdl(46) File: C:/Users/Satush/OneDrive - Indian Institute of Technology Bombay/3rd sem/EE 224/Project/MyProject/RF.vhdl Line: 46
Info (10041): Inferred latch for "R3[14]" at RF.vhdl(46) File: C:/Users/Satush/OneDrive - Indian Institute of Technology Bombay/3rd sem/EE 224/Project/MyProject/RF.vhdl Line: 46
Info (10041): Inferred latch for "R3[15]" at RF.vhdl(46) File: C:/Users/Satush/OneDrive - Indian Institute of Technology Bombay/3rd sem/EE 224/Project/MyProject/RF.vhdl Line: 46
Info (10041): Inferred latch for "R2[0]" at RF.vhdl(46) File: C:/Users/Satush/OneDrive - Indian Institute of Technology Bombay/3rd sem/EE 224/Project/MyProject/RF.vhdl Line: 46
Info (10041): Inferred latch for "R2[1]" at RF.vhdl(46) File: C:/Users/Satush/OneDrive - Indian Institute of Technology Bombay/3rd sem/EE 224/Project/MyProject/RF.vhdl Line: 46
Info (10041): Inferred latch for "R2[2]" at RF.vhdl(46) File: C:/Users/Satush/OneDrive - Indian Institute of Technology Bombay/3rd sem/EE 224/Project/MyProject/RF.vhdl Line: 46
Info (10041): Inferred latch for "R2[3]" at RF.vhdl(46) File: C:/Users/Satush/OneDrive - Indian Institute of Technology Bombay/3rd sem/EE 224/Project/MyProject/RF.vhdl Line: 46
Info (10041): Inferred latch for "R2[4]" at RF.vhdl(46) File: C:/Users/Satush/OneDrive - Indian Institute of Technology Bombay/3rd sem/EE 224/Project/MyProject/RF.vhdl Line: 46
Info (10041): Inferred latch for "R2[5]" at RF.vhdl(46) File: C:/Users/Satush/OneDrive - Indian Institute of Technology Bombay/3rd sem/EE 224/Project/MyProject/RF.vhdl Line: 46
Info (10041): Inferred latch for "R2[6]" at RF.vhdl(46) File: C:/Users/Satush/OneDrive - Indian Institute of Technology Bombay/3rd sem/EE 224/Project/MyProject/RF.vhdl Line: 46
Info (10041): Inferred latch for "R2[7]" at RF.vhdl(46) File: C:/Users/Satush/OneDrive - Indian Institute of Technology Bombay/3rd sem/EE 224/Project/MyProject/RF.vhdl Line: 46
Info (10041): Inferred latch for "R2[8]" at RF.vhdl(46) File: C:/Users/Satush/OneDrive - Indian Institute of Technology Bombay/3rd sem/EE 224/Project/MyProject/RF.vhdl Line: 46
Info (10041): Inferred latch for "R2[9]" at RF.vhdl(46) File: C:/Users/Satush/OneDrive - Indian Institute of Technology Bombay/3rd sem/EE 224/Project/MyProject/RF.vhdl Line: 46
Info (10041): Inferred latch for "R2[10]" at RF.vhdl(46) File: C:/Users/Satush/OneDrive - Indian Institute of Technology Bombay/3rd sem/EE 224/Project/MyProject/RF.vhdl Line: 46
Info (10041): Inferred latch for "R2[11]" at RF.vhdl(46) File: C:/Users/Satush/OneDrive - Indian Institute of Technology Bombay/3rd sem/EE 224/Project/MyProject/RF.vhdl Line: 46
Info (10041): Inferred latch for "R2[12]" at RF.vhdl(46) File: C:/Users/Satush/OneDrive - Indian Institute of Technology Bombay/3rd sem/EE 224/Project/MyProject/RF.vhdl Line: 46
Info (10041): Inferred latch for "R2[13]" at RF.vhdl(46) File: C:/Users/Satush/OneDrive - Indian Institute of Technology Bombay/3rd sem/EE 224/Project/MyProject/RF.vhdl Line: 46
Info (10041): Inferred latch for "R2[14]" at RF.vhdl(46) File: C:/Users/Satush/OneDrive - Indian Institute of Technology Bombay/3rd sem/EE 224/Project/MyProject/RF.vhdl Line: 46
Info (10041): Inferred latch for "R2[15]" at RF.vhdl(46) File: C:/Users/Satush/OneDrive - Indian Institute of Technology Bombay/3rd sem/EE 224/Project/MyProject/RF.vhdl Line: 46
Info (10041): Inferred latch for "R1[0]" at RF.vhdl(46) File: C:/Users/Satush/OneDrive - Indian Institute of Technology Bombay/3rd sem/EE 224/Project/MyProject/RF.vhdl Line: 46
Info (10041): Inferred latch for "R1[1]" at RF.vhdl(46) File: C:/Users/Satush/OneDrive - Indian Institute of Technology Bombay/3rd sem/EE 224/Project/MyProject/RF.vhdl Line: 46
Info (10041): Inferred latch for "R1[2]" at RF.vhdl(46) File: C:/Users/Satush/OneDrive - Indian Institute of Technology Bombay/3rd sem/EE 224/Project/MyProject/RF.vhdl Line: 46
Info (10041): Inferred latch for "R1[3]" at RF.vhdl(46) File: C:/Users/Satush/OneDrive - Indian Institute of Technology Bombay/3rd sem/EE 224/Project/MyProject/RF.vhdl Line: 46
Info (10041): Inferred latch for "R1[4]" at RF.vhdl(46) File: C:/Users/Satush/OneDrive - Indian Institute of Technology Bombay/3rd sem/EE 224/Project/MyProject/RF.vhdl Line: 46
Info (10041): Inferred latch for "R1[5]" at RF.vhdl(46) File: C:/Users/Satush/OneDrive - Indian Institute of Technology Bombay/3rd sem/EE 224/Project/MyProject/RF.vhdl Line: 46
Info (10041): Inferred latch for "R1[6]" at RF.vhdl(46) File: C:/Users/Satush/OneDrive - Indian Institute of Technology Bombay/3rd sem/EE 224/Project/MyProject/RF.vhdl Line: 46
Info (10041): Inferred latch for "R1[7]" at RF.vhdl(46) File: C:/Users/Satush/OneDrive - Indian Institute of Technology Bombay/3rd sem/EE 224/Project/MyProject/RF.vhdl Line: 46
Info (10041): Inferred latch for "R1[8]" at RF.vhdl(46) File: C:/Users/Satush/OneDrive - Indian Institute of Technology Bombay/3rd sem/EE 224/Project/MyProject/RF.vhdl Line: 46
Info (10041): Inferred latch for "R1[9]" at RF.vhdl(46) File: C:/Users/Satush/OneDrive - Indian Institute of Technology Bombay/3rd sem/EE 224/Project/MyProject/RF.vhdl Line: 46
Info (10041): Inferred latch for "R1[10]" at RF.vhdl(46) File: C:/Users/Satush/OneDrive - Indian Institute of Technology Bombay/3rd sem/EE 224/Project/MyProject/RF.vhdl Line: 46
Info (10041): Inferred latch for "R1[11]" at RF.vhdl(46) File: C:/Users/Satush/OneDrive - Indian Institute of Technology Bombay/3rd sem/EE 224/Project/MyProject/RF.vhdl Line: 46
Info (10041): Inferred latch for "R1[12]" at RF.vhdl(46) File: C:/Users/Satush/OneDrive - Indian Institute of Technology Bombay/3rd sem/EE 224/Project/MyProject/RF.vhdl Line: 46
Info (10041): Inferred latch for "R1[13]" at RF.vhdl(46) File: C:/Users/Satush/OneDrive - Indian Institute of Technology Bombay/3rd sem/EE 224/Project/MyProject/RF.vhdl Line: 46
Info (10041): Inferred latch for "R1[14]" at RF.vhdl(46) File: C:/Users/Satush/OneDrive - Indian Institute of Technology Bombay/3rd sem/EE 224/Project/MyProject/RF.vhdl Line: 46
Info (10041): Inferred latch for "R1[15]" at RF.vhdl(46) File: C:/Users/Satush/OneDrive - Indian Institute of Technology Bombay/3rd sem/EE 224/Project/MyProject/RF.vhdl Line: 46
Info (10041): Inferred latch for "R0[0]" at RF.vhdl(46) File: C:/Users/Satush/OneDrive - Indian Institute of Technology Bombay/3rd sem/EE 224/Project/MyProject/RF.vhdl Line: 46
Info (10041): Inferred latch for "R0[1]" at RF.vhdl(46) File: C:/Users/Satush/OneDrive - Indian Institute of Technology Bombay/3rd sem/EE 224/Project/MyProject/RF.vhdl Line: 46
Info (10041): Inferred latch for "R0[2]" at RF.vhdl(46) File: C:/Users/Satush/OneDrive - Indian Institute of Technology Bombay/3rd sem/EE 224/Project/MyProject/RF.vhdl Line: 46
Info (10041): Inferred latch for "R0[3]" at RF.vhdl(46) File: C:/Users/Satush/OneDrive - Indian Institute of Technology Bombay/3rd sem/EE 224/Project/MyProject/RF.vhdl Line: 46
Info (10041): Inferred latch for "R0[4]" at RF.vhdl(46) File: C:/Users/Satush/OneDrive - Indian Institute of Technology Bombay/3rd sem/EE 224/Project/MyProject/RF.vhdl Line: 46
Info (10041): Inferred latch for "R0[5]" at RF.vhdl(46) File: C:/Users/Satush/OneDrive - Indian Institute of Technology Bombay/3rd sem/EE 224/Project/MyProject/RF.vhdl Line: 46
Info (10041): Inferred latch for "R0[6]" at RF.vhdl(46) File: C:/Users/Satush/OneDrive - Indian Institute of Technology Bombay/3rd sem/EE 224/Project/MyProject/RF.vhdl Line: 46
Info (10041): Inferred latch for "R0[7]" at RF.vhdl(46) File: C:/Users/Satush/OneDrive - Indian Institute of Technology Bombay/3rd sem/EE 224/Project/MyProject/RF.vhdl Line: 46
Info (10041): Inferred latch for "R0[8]" at RF.vhdl(46) File: C:/Users/Satush/OneDrive - Indian Institute of Technology Bombay/3rd sem/EE 224/Project/MyProject/RF.vhdl Line: 46
Info (10041): Inferred latch for "R0[9]" at RF.vhdl(46) File: C:/Users/Satush/OneDrive - Indian Institute of Technology Bombay/3rd sem/EE 224/Project/MyProject/RF.vhdl Line: 46
Info (10041): Inferred latch for "R0[10]" at RF.vhdl(46) File: C:/Users/Satush/OneDrive - Indian Institute of Technology Bombay/3rd sem/EE 224/Project/MyProject/RF.vhdl Line: 46
Info (10041): Inferred latch for "R0[11]" at RF.vhdl(46) File: C:/Users/Satush/OneDrive - Indian Institute of Technology Bombay/3rd sem/EE 224/Project/MyProject/RF.vhdl Line: 46
Info (10041): Inferred latch for "R0[12]" at RF.vhdl(46) File: C:/Users/Satush/OneDrive - Indian Institute of Technology Bombay/3rd sem/EE 224/Project/MyProject/RF.vhdl Line: 46
Info (10041): Inferred latch for "R0[13]" at RF.vhdl(46) File: C:/Users/Satush/OneDrive - Indian Institute of Technology Bombay/3rd sem/EE 224/Project/MyProject/RF.vhdl Line: 46
Info (10041): Inferred latch for "R0[14]" at RF.vhdl(46) File: C:/Users/Satush/OneDrive - Indian Institute of Technology Bombay/3rd sem/EE 224/Project/MyProject/RF.vhdl Line: 46
Info (10041): Inferred latch for "R0[15]" at RF.vhdl(46) File: C:/Users/Satush/OneDrive - Indian Institute of Technology Bombay/3rd sem/EE 224/Project/MyProject/RF.vhdl Line: 46
Info (12128): Elaborating entity "Memory_Data" for hierarchy "Memory_Data:Mem1" File: C:/Users/Satush/OneDrive - Indian Institute of Technology Bombay/3rd sem/EE 224/Project/MyProject/IITB_CPU.vhdl Line: 69
Info (12128): Elaborating entity "ALU" for hierarchy "ALU:ALU1" File: C:/Users/Satush/OneDrive - Indian Institute of Technology Bombay/3rd sem/EE 224/Project/MyProject/IITB_CPU.vhdl Line: 73
Warning (10542): VHDL Variable Declaration warning at ALU.vhdl(20): used initial value expression for variable "Equality" because variable was never assigned a value File: C:/Users/Satush/OneDrive - Indian Institute of Technology Bombay/3rd sem/EE 224/Project/MyProject/ALU.vhdl Line: 20
Info: Quartus Prime Analysis & Elaboration was successful. 0 errors, 53 warnings
    Info: Peak virtual memory: 4777 megabytes
    Info: Processing ended: Thu Nov 24 13:48:34 2022
    Info: Elapsed time: 00:00:29
    Info: Total CPU time (on all processors): 00:01:16


